[ 2017-12-05T13:31:36+08:00 ] ::1 /heo/index.php/home/index/deal
INFO: [ app_init ] --START--
INFO: Run Behavior\BuildLiteBehavior [ RunTime:0.000022s ]
INFO: [ app_init ] --END-- [ RunTime:0.003297s ]
INFO: [ app_begin ] --START--
INFO: Run Behavior\ReadHtmlCacheBehavior [ RunTime:0.004139s ]
INFO: [ app_begin ] --END-- [ RunTime:0.005548s ]
NOTIC: [2048] Declaration of Home\Controller\IndexController::show() should be compatible with Think\Controller::show($content, $charset = '', $contentType = '', $prefix = '') E:\wamp\www\heo\Application\Home\Controller\IndexController.class.php 第 283 行.
SQL: SHOW COLUMNS FROM `think_task` [ RunTime:0.0066s ]
ERR: 1048:Column 'uid' cannot be null
 [ SQL语句 ] : INSERT INTO `think_task` (`uid`,`time`,`class`,`room`,`demand`) VALUES (NULL,'','','','')
ERR: 1048:Column 'uid' cannot be null
 [ SQL语句 ] : INSERT INTO `think_task` (`uid`,`time`,`class`,`room`,`demand`) VALUES (NULL,'','','','')

[ 2017-12-05T13:38:44+08:00 ] ::1 /heo/index.php/home/index/deal
INFO: [ app_init ] --START--
INFO: Run Behavior\BuildLiteBehavior [ RunTime:0.000020s ]
INFO: [ app_init ] --END-- [ RunTime:0.000407s ]
INFO: [ app_begin ] --START--
INFO: Run Behavior\ReadHtmlCacheBehavior [ RunTime:0.000521s ]
INFO: [ app_begin ] --END-- [ RunTime:0.000636s ]

[ 2017-12-05T13:39:08+08:00 ] ::1 /heo/index.php/home/index/deal
INFO: [ app_init ] --START--
INFO: Run Behavior\BuildLiteBehavior [ RunTime:0.000021s ]
INFO: [ app_init ] --END-- [ RunTime:0.000390s ]
INFO: [ app_begin ] --START--
INFO: Run Behavior\ReadHtmlCacheBehavior [ RunTime:0.000622s ]
INFO: [ app_begin ] --END-- [ RunTime:0.000743s ]
NOTIC: [2048] Declaration of Home\Controller\IndexController::show() should be compatible with Think\Controller::show($content, $charset = '', $contentType = '', $prefix = '') E:\wamp\www\heo\Application\Home\Controller\IndexController.class.php 第 293 行.
SQL: SHOW COLUMNS FROM `think_task` [ RunTime:0.0059s ]
ERR: 1048:Column 'uid' cannot be null
 [ SQL语句 ] : INSERT INTO `think_task` (`uid`,`time`,`class`,`room`,`demand`) VALUES (NULL,'','','','')
ERR: 1048:Column 'uid' cannot be null
 [ SQL语句 ] : INSERT INTO `think_task` (`uid`,`time`,`class`,`room`,`demand`) VALUES (NULL,'','','','')

[ 2017-12-05T13:39:36+08:00 ] ::1 /heo/index.php/home/index/deal
INFO: [ app_init ] --START--
INFO: Run Behavior\BuildLiteBehavior [ RunTime:0.000021s ]
INFO: [ app_init ] --END-- [ RunTime:0.000343s ]
INFO: [ app_begin ] --START--
INFO: Run Behavior\ReadHtmlCacheBehavior [ RunTime:0.000351s ]
INFO: [ app_begin ] --END-- [ RunTime:0.000455s ]
NOTIC: [2048] Declaration of Home\Controller\IndexController::show() should be compatible with Think\Controller::show($content, $charset = '', $contentType = '', $prefix = '') E:\wamp\www\heo\Application\Home\Controller\IndexController.class.php 第 293 行.
SQL: SHOW COLUMNS FROM `think_task` [ RunTime:0.0025s ]
ERR: 1048:Column 'uid' cannot be null
 [ SQL语句 ] : INSERT INTO `think_task` (`uid`,`time`,`class`,`room`,`demand`) VALUES (NULL,'','','','')
ERR: 1048:Column 'uid' cannot be null
 [ SQL语句 ] : INSERT INTO `think_task` (`uid`,`time`,`class`,`room`,`demand`) VALUES (NULL,'','','','')

[ 2017-12-05T13:39:38+08:00 ] ::1 /heo/index.php/home/index/deal
INFO: [ app_init ] --START--
INFO: Run Behavior\BuildLiteBehavior [ RunTime:0.000037s ]
INFO: [ app_init ] --END-- [ RunTime:0.000579s ]
INFO: [ app_begin ] --START--
INFO: Run Behavior\ReadHtmlCacheBehavior [ RunTime:0.000382s ]
INFO: [ app_begin ] --END-- [ RunTime:0.000492s ]
NOTIC: [2048] Declaration of Home\Controller\IndexController::show() should be compatible with Think\Controller::show($content, $charset = '', $contentType = '', $prefix = '') E:\wamp\www\heo\Application\Home\Controller\IndexController.class.php 第 293 行.
SQL: SHOW COLUMNS FROM `think_task` [ RunTime:0.0023s ]
ERR: 1048:Column 'uid' cannot be null
 [ SQL语句 ] : INSERT INTO `think_task` (`uid`,`time`,`class`,`room`,`demand`) VALUES (NULL,'','','','')
ERR: 1048:Column 'uid' cannot be null
 [ SQL语句 ] : INSERT INTO `think_task` (`uid`,`time`,`class`,`room`,`demand`) VALUES (NULL,'','','','')

[ 2017-12-05T13:39:38+08:00 ] ::1 /heo/index.php/home/index/deal
INFO: [ app_init ] --START--
INFO: Run Behavior\BuildLiteBehavior [ RunTime:0.000020s ]
INFO: [ app_init ] --END-- [ RunTime:0.000329s ]
INFO: [ app_begin ] --START--
INFO: Run Behavior\ReadHtmlCacheBehavior [ RunTime:0.000369s ]
INFO: [ app_begin ] --END-- [ RunTime:0.000472s ]
NOTIC: [2048] Declaration of Home\Controller\IndexController::show() should be compatible with Think\Controller::show($content, $charset = '', $contentType = '', $prefix = '') E:\wamp\www\heo\Application\Home\Controller\IndexController.class.php 第 293 行.
SQL: SHOW COLUMNS FROM `think_task` [ RunTime:0.0017s ]
ERR: 1048:Column 'uid' cannot be null
 [ SQL语句 ] : INSERT INTO `think_task` (`uid`,`time`,`class`,`room`,`demand`) VALUES (NULL,'','','','')
ERR: 1048:Column 'uid' cannot be null
 [ SQL语句 ] : INSERT INTO `think_task` (`uid`,`time`,`class`,`room`,`demand`) VALUES (NULL,'','','','')

[ 2017-12-05T13:39:39+08:00 ] ::1 /heo/index.php/home/index/deal
INFO: [ app_init ] --START--
INFO: Run Behavior\BuildLiteBehavior [ RunTime:0.000019s ]
INFO: [ app_init ] --END-- [ RunTime:0.000324s ]
INFO: [ app_begin ] --START--
INFO: Run Behavior\ReadHtmlCacheBehavior [ RunTime:0.000792s ]
INFO: [ app_begin ] --END-- [ RunTime:0.001010s ]
NOTIC: [2048] Declaration of Home\Controller\IndexController::show() should be compatible with Think\Controller::show($content, $charset = '', $contentType = '', $prefix = '') E:\wamp\www\heo\Application\Home\Controller\IndexController.class.php 第 293 行.
SQL: SHOW COLUMNS FROM `think_task` [ RunTime:0.0022s ]
ERR: 1048:Column 'uid' cannot be null
 [ SQL语句 ] : INSERT INTO `think_task` (`uid`,`time`,`class`,`room`,`demand`) VALUES (NULL,'','','','')
ERR: 1048:Column 'uid' cannot be null
 [ SQL语句 ] : INSERT INTO `think_task` (`uid`,`time`,`class`,`room`,`demand`) VALUES (NULL,'','','','')

[ 2017-12-05T13:39:39+08:00 ] ::1 /heo/index.php/home/index/deal
INFO: [ app_init ] --START--
INFO: Run Behavior\BuildLiteBehavior [ RunTime:0.000020s ]
INFO: [ app_init ] --END-- [ RunTime:0.000405s ]
INFO: [ app_begin ] --START--
INFO: Run Behavior\ReadHtmlCacheBehavior [ RunTime:0.000436s ]
INFO: [ app_begin ] --END-- [ RunTime:0.000623s ]
NOTIC: [2048] Declaration of Home\Controller\IndexController::show() should be compatible with Think\Controller::show($content, $charset = '', $contentType = '', $prefix = '') E:\wamp\www\heo\Application\Home\Controller\IndexController.class.php 第 293 行.
SQL: SHOW COLUMNS FROM `think_task` [ RunTime:0.0040s ]
ERR: 1048:Column 'uid' cannot be null
 [ SQL语句 ] : INSERT INTO `think_task` (`uid`,`time`,`class`,`room`,`demand`) VALUES (NULL,'','','','')
ERR: 1048:Column 'uid' cannot be null
 [ SQL语句 ] : INSERT INTO `think_task` (`uid`,`time`,`class`,`room`,`demand`) VALUES (NULL,'','','','')

[ 2017-12-05T13:39:40+08:00 ] ::1 /heo/index.php/home/index/deal
INFO: [ app_init ] --START--
INFO: Run Behavior\BuildLiteBehavior [ RunTime:0.000022s ]
INFO: [ app_init ] --END-- [ RunTime:0.000341s ]
INFO: [ app_begin ] --START--
INFO: Run Behavior\ReadHtmlCacheBehavior [ RunTime:0.000356s ]
INFO: [ app_begin ] --END-- [ RunTime:0.000464s ]
NOTIC: [2048] Declaration of Home\Controller\IndexController::show() should be compatible with Think\Controller::show($content, $charset = '', $contentType = '', $prefix = '') E:\wamp\www\heo\Application\Home\Controller\IndexController.class.php 第 293 行.
SQL: SHOW COLUMNS FROM `think_task` [ RunTime:0.0007s ]
ERR: 1048:Column 'uid' cannot be null
 [ SQL语句 ] : INSERT INTO `think_task` (`uid`,`time`,`class`,`room`,`demand`) VALUES (NULL,'','','','')
ERR: 1048:Column 'uid' cannot be null
 [ SQL语句 ] : INSERT INTO `think_task` (`uid`,`time`,`class`,`room`,`demand`) VALUES (NULL,'','','','')

[ 2017-12-05T13:39:51+08:00 ] ::1 /heo/index.php/home/index/deal
INFO: [ app_init ] --START--
INFO: Run Behavior\BuildLiteBehavior [ RunTime:0.000023s ]
INFO: [ app_init ] --END-- [ RunTime:0.000412s ]
INFO: [ app_begin ] --START--
INFO: Run Behavior\ReadHtmlCacheBehavior [ RunTime:0.000411s ]
INFO: [ app_begin ] --END-- [ RunTime:0.000531s ]
NOTIC: [2048] Declaration of Home\Controller\IndexController::show() should be compatible with Think\Controller::show($content, $charset = '', $contentType = '', $prefix = '') E:\wamp\www\heo\Application\Home\Controller\IndexController.class.php 第 293 行.
SQL: SHOW COLUMNS FROM `think_task` [ RunTime:0.0012s ]
ERR: 1364:Field 'uid' doesn't have a default value
 [ SQL语句 ] : INSERT INTO `think_task` (`time`,`class`,`room`,`demand`) VALUES ('','','','')
ERR: 1364:Field 'uid' doesn't have a default value
 [ SQL语句 ] : INSERT INTO `think_task` (`time`,`class`,`room`,`demand`) VALUES ('','','','')

[ 2017-12-05T13:41:08+08:00 ] ::1 /heo/index.php/home/index/deal
INFO: [ app_init ] --START--
INFO: Run Behavior\BuildLiteBehavior [ RunTime:0.000076s ]
INFO: [ app_init ] --END-- [ RunTime:0.000617s ]
INFO: [ app_begin ] --START--
INFO: Run Behavior\ReadHtmlCacheBehavior [ RunTime:0.000447s ]
INFO: [ app_begin ] --END-- [ RunTime:0.000580s ]
NOTIC: [2048] Declaration of Home\Controller\IndexController::show() should be compatible with Think\Controller::show($content, $charset = '', $contentType = '', $prefix = '') E:\wamp\www\heo\Application\Home\Controller\IndexController.class.php 第 295 行.
SQL: SHOW COLUMNS FROM `think_task` [ RunTime:0.0023s ]
ERR: 1048:Column 'uid' cannot be null
 [ SQL语句 ] : INSERT INTO `think_task` (`uid`,`time`,`class`,`room`,`demand`) VALUES (NULL,'','','','')
ERR: 1048:Column 'uid' cannot be null
 [ SQL语句 ] : INSERT INTO `think_task` (`uid`,`time`,`class`,`room`,`demand`) VALUES (NULL,'','','','')

[ 2017-12-05T13:41:11+08:00 ] ::1 /heo/index.php/home/index/deal
INFO: [ app_init ] --START--
INFO: Run Behavior\BuildLiteBehavior [ RunTime:0.000019s ]
INFO: [ app_init ] --END-- [ RunTime:0.000370s ]
INFO: [ app_begin ] --START--
INFO: Run Behavior\ReadHtmlCacheBehavior [ RunTime:0.000643s ]
INFO: [ app_begin ] --END-- [ RunTime:0.000845s ]
NOTIC: [2048] Declaration of Home\Controller\IndexController::show() should be compatible with Think\Controller::show($content, $charset = '', $contentType = '', $prefix = '') E:\wamp\www\heo\Application\Home\Controller\IndexController.class.php 第 295 行.
SQL: SHOW COLUMNS FROM `think_task` [ RunTime:0.0019s ]
ERR: 1048:Column 'uid' cannot be null
 [ SQL语句 ] : INSERT INTO `think_task` (`uid`,`time`,`class`,`room`,`demand`) VALUES (NULL,'','','','')
ERR: 1048:Column 'uid' cannot be null
 [ SQL语句 ] : INSERT INTO `think_task` (`uid`,`time`,`class`,`room`,`demand`) VALUES (NULL,'','','','')

[ 2017-12-05T13:41:12+08:00 ] ::1 /heo/index.php/home/index/deal
INFO: [ app_init ] --START--
INFO: Run Behavior\BuildLiteBehavior [ RunTime:0.000024s ]
INFO: [ app_init ] --END-- [ RunTime:0.000376s ]
INFO: [ app_begin ] --START--
INFO: Run Behavior\ReadHtmlCacheBehavior [ RunTime:0.000398s ]
INFO: [ app_begin ] --END-- [ RunTime:0.000522s ]
NOTIC: [2048] Declaration of Home\Controller\IndexController::show() should be compatible with Think\Controller::show($content, $charset = '', $contentType = '', $prefix = '') E:\wamp\www\heo\Application\Home\Controller\IndexController.class.php 第 295 行.
SQL: SHOW COLUMNS FROM `think_task` [ RunTime:0.0033s ]
ERR: 1048:Column 'uid' cannot be null
 [ SQL语句 ] : INSERT INTO `think_task` (`uid`,`time`,`class`,`room`,`demand`) VALUES (NULL,'','','','')
ERR: 1048:Column 'uid' cannot be null
 [ SQL语句 ] : INSERT INTO `think_task` (`uid`,`time`,`class`,`room`,`demand`) VALUES (NULL,'','','','')

[ 2017-12-05T13:41:47+08:00 ] ::1 /heo/index.php/home/index/deal
INFO: [ app_init ] --START--
INFO: Run Behavior\BuildLiteBehavior [ RunTime:0.000025s ]
INFO: [ app_init ] --END-- [ RunTime:0.000420s ]
INFO: [ app_begin ] --START--
INFO: Run Behavior\ReadHtmlCacheBehavior [ RunTime:0.000499s ]
INFO: [ app_begin ] --END-- [ RunTime:0.000645s ]
NOTIC: [2048] Declaration of Home\Controller\IndexController::show() should be compatible with Think\Controller::show($content, $charset = '', $contentType = '', $prefix = '') E:\wamp\www\heo\Application\Home\Controller\IndexController.class.php 第 295 行.

[ 2017-12-05T13:44:19+08:00 ] ::1 /heo/index.php/home/index/deal
INFO: [ app_init ] --START--
INFO: Run Behavior\BuildLiteBehavior [ RunTime:0.000024s ]
INFO: [ app_init ] --END-- [ RunTime:0.000409s ]
INFO: [ app_begin ] --START--
INFO: Run Behavior\ReadHtmlCacheBehavior [ RunTime:0.000485s ]
INFO: [ app_begin ] --END-- [ RunTime:0.000596s ]
NOTIC: [2048] Declaration of Home\Controller\IndexController::show() should be compatible with Think\Controller::show($content, $charset = '', $contentType = '', $prefix = '') E:\wamp\www\heo\Application\Home\Controller\IndexController.class.php 第 300 行.
INFO: [ view_parse ] --START--
INFO: [ template_filter ] --START--
INFO: Run Behavior\ContentReplaceBehavior [ RunTime:0.002251s ]
INFO: [ template_filter ] --END-- [ RunTime:0.002694s ]
INFO: Run Behavior\ParseTemplateBehavior [ RunTime:0.130934s ]
INFO: [ view_parse ] --END-- [ RunTime:0.131107s ]
INFO: [ view_filter ] --START--
INFO: Run Behavior\WriteHtmlCacheBehavior [ RunTime:0.011910s ]
INFO: [ view_filter ] --END-- [ RunTime:0.012109s ]
INFO: [ app_end ] --START--
INFO: Run Behavior\ShowPageTraceBehavior [ RunTime:0.008694s ]
INFO: [ app_end ] --END-- [ RunTime:0.008885s ]

[ 2017-12-05T13:46:44+08:00 ] ::1 /heo/index.php/home/index/login
INFO: [ app_init ] --START--
INFO: Run Behavior\BuildLiteBehavior [ RunTime:0.000022s ]
INFO: [ app_init ] --END-- [ RunTime:0.000413s ]
INFO: [ app_begin ] --START--
INFO: Run Behavior\ReadHtmlCacheBehavior [ RunTime:0.000494s ]
INFO: [ app_begin ] --END-- [ RunTime:0.000608s ]
NOTIC: [2048] Declaration of Home\Controller\IndexController::show() should be compatible with Think\Controller::show($content, $charset = '', $contentType = '', $prefix = '') E:\wamp\www\heo\Application\Home\Controller\IndexController.class.php 第 300 行.
INFO: [ view_parse ] --START--
INFO: [ template_filter ] --START--
INFO: Run Behavior\ContentReplaceBehavior [ RunTime:0.000064s ]
INFO: [ template_filter ] --END-- [ RunTime:0.000175s ]
INFO: Run Behavior\ParseTemplateBehavior [ RunTime:0.027426s ]
INFO: [ view_parse ] --END-- [ RunTime:0.027581s ]
INFO: [ view_filter ] --START--
INFO: Run Behavior\WriteHtmlCacheBehavior [ RunTime:0.000384s ]
INFO: [ view_filter ] --END-- [ RunTime:0.000479s ]
INFO: [ app_end ] --START--
INFO: Run Behavior\ShowPageTraceBehavior [ RunTime:0.000483s ]
INFO: [ app_end ] --END-- [ RunTime:0.000583s ]

[ 2017-12-05T13:46:53+08:00 ] ::1 /heo/index.php/Home/Index/login
INFO: [ app_init ] --START--
INFO: Run Behavior\BuildLiteBehavior [ RunTime:0.000026s ]
INFO: [ app_init ] --END-- [ RunTime:0.000459s ]
INFO: [ app_begin ] --START--
INFO: Run Behavior\ReadHtmlCacheBehavior [ RunTime:0.000626s ]
INFO: [ app_begin ] --END-- [ RunTime:0.000774s ]
NOTIC: [2048] Declaration of Home\Controller\IndexController::show() should be compatible with Think\Controller::show($content, $charset = '', $contentType = '', $prefix = '') E:\wamp\www\heo\Application\Home\Controller\IndexController.class.php 第 300 行.
SQL: SHOW COLUMNS FROM `think_user` [ RunTime:0.0041s ]
SQL: SHOW COLUMNS FROM `think_user` [ RunTime:0.0012s ]
SQL: SHOW COLUMNS FROM `think_user` [ RunTime:0.0007s ]
SQL: SELECT * FROM `think_user` WHERE `name` = 'man21' LIMIT 1   [ RunTime:0.0797s ]

[ 2017-12-05T13:46:53+08:00 ] ::1 /heo/index.php/Home/Index/home_page.html
INFO: [ app_init ] --START--
INFO: Run Behavior\BuildLiteBehavior [ RunTime:0.000022s ]
INFO: [ app_init ] --END-- [ RunTime:0.000352s ]
INFO: [ app_begin ] --START--
INFO: Run Behavior\ReadHtmlCacheBehavior [ RunTime:0.000372s ]
INFO: [ app_begin ] --END-- [ RunTime:0.000495s ]
NOTIC: [2048] Declaration of Home\Controller\IndexController::show() should be compatible with Think\Controller::show($content, $charset = '', $contentType = '', $prefix = '') E:\wamp\www\heo\Application\Home\Controller\IndexController.class.php 第 300 行.
INFO: [ view_parse ] --START--
INFO: [ template_filter ] --START--
INFO: Run Behavior\ContentReplaceBehavior [ RunTime:0.000058s ]
INFO: [ template_filter ] --END-- [ RunTime:0.000163s ]
INFO: Run Behavior\ParseTemplateBehavior [ RunTime:0.028489s ]
INFO: [ view_parse ] --END-- [ RunTime:0.028694s ]
INFO: [ view_filter ] --START--
INFO: Run Behavior\WriteHtmlCacheBehavior [ RunTime:0.000351s ]
INFO: [ view_filter ] --END-- [ RunTime:0.000492s ]
INFO: [ app_end ] --START--
INFO: Run Behavior\ShowPageTraceBehavior [ RunTime:0.000494s ]
INFO: [ app_end ] --END-- [ RunTime:0.000591s ]

[ 2017-12-05T13:46:56+08:00 ] ::1 /heo/index.php/Home/Index/user_centre.html
INFO: [ app_init ] --START--
INFO: Run Behavior\BuildLiteBehavior [ RunTime:0.000021s ]
INFO: [ app_init ] --END-- [ RunTime:0.000350s ]
INFO: [ app_begin ] --START--
INFO: Run Behavior\ReadHtmlCacheBehavior [ RunTime:0.000364s ]
INFO: [ app_begin ] --END-- [ RunTime:0.000475s ]
NOTIC: [2048] Declaration of Home\Controller\IndexController::show() should be compatible with Think\Controller::show($content, $charset = '', $contentType = '', $prefix = '') E:\wamp\www\heo\Application\Home\Controller\IndexController.class.php 第 300 行.
INFO: [ view_parse ] --START--
INFO: [ template_filter ] --START--
INFO: Run Behavior\ContentReplaceBehavior [ RunTime:0.000059s ]
INFO: [ template_filter ] --END-- [ RunTime:0.000161s ]
INFO: Run Behavior\ParseTemplateBehavior [ RunTime:0.020028s ]
INFO: [ view_parse ] --END-- [ RunTime:0.020180s ]
INFO: [ view_filter ] --START--
INFO: Run Behavior\WriteHtmlCacheBehavior [ RunTime:0.000249s ]
INFO: [ view_filter ] --END-- [ RunTime:0.000357s ]
INFO: [ app_end ] --START--
INFO: Run Behavior\ShowPageTraceBehavior [ RunTime:0.000372s ]
INFO: [ app_end ] --END-- [ RunTime:0.000468s ]

[ 2017-12-05T13:46:59+08:00 ] ::1 /heo/index.php/Home/Index/deal.html
INFO: [ app_init ] --START--
INFO: Run Behavior\BuildLiteBehavior [ RunTime:0.000024s ]
INFO: [ app_init ] --END-- [ RunTime:0.000353s ]
INFO: [ app_begin ] --START--
INFO: Run Behavior\ReadHtmlCacheBehavior [ RunTime:0.000400s ]
INFO: [ app_begin ] --END-- [ RunTime:0.000514s ]
NOTIC: [2048] Declaration of Home\Controller\IndexController::show() should be compatible with Think\Controller::show($content, $charset = '', $contentType = '', $prefix = '') E:\wamp\www\heo\Application\Home\Controller\IndexController.class.php 第 300 行.
INFO: [ view_parse ] --START--
INFO: [ template_filter ] --START--
INFO: Run Behavior\ContentReplaceBehavior [ RunTime:0.000094s ]
INFO: [ template_filter ] --END-- [ RunTime:0.000290s ]
INFO: Run Behavior\ParseTemplateBehavior [ RunTime:0.009170s ]
INFO: [ view_parse ] --END-- [ RunTime:0.009414s ]
INFO: [ view_filter ] --START--
INFO: Run Behavior\WriteHtmlCacheBehavior [ RunTime:0.000557s ]
INFO: [ view_filter ] --END-- [ RunTime:0.000691s ]
INFO: [ app_end ] --START--
INFO: Run Behavior\ShowPageTraceBehavior [ RunTime:0.000587s ]
INFO: [ app_end ] --END-- [ RunTime:0.000700s ]

[ 2017-12-05T13:48:04+08:00 ] ::1 /heo/index.php/Home/Index/deal
INFO: [ app_init ] --START--
INFO: Run Behavior\BuildLiteBehavior [ RunTime:0.000021s ]
INFO: [ app_init ] --END-- [ RunTime:0.000335s ]
INFO: [ app_begin ] --START--
INFO: Run Behavior\ReadHtmlCacheBehavior [ RunTime:0.000350s ]
INFO: [ app_begin ] --END-- [ RunTime:0.000449s ]
NOTIC: [2048] Declaration of Home\Controller\IndexController::show() should be compatible with Think\Controller::show($content, $charset = '', $contentType = '', $prefix = '') E:\wamp\www\heo\Application\Home\Controller\IndexController.class.php 第 300 行.
SQL: SHOW COLUMNS FROM `think_task` [ RunTime:0.0030s ]
SQL: INSERT INTO `think_task` (`uid`,`time`,`class`,`room`,`demand`) VALUES ('21','2017120214:10-3:45','高数','a102','无') [ RunTime:0.0562s ]
INFO: [ view_parse ] --START--
INFO: [ template_filter ] --START--
INFO: Run Behavior\ContentReplaceBehavior [ RunTime:0.000091s ]
INFO: [ template_filter ] --END-- [ RunTime:0.000214s ]
INFO: Run Behavior\ParseTemplateBehavior [ RunTime:0.027012s ]
INFO: [ view_parse ] --END-- [ RunTime:0.027136s ]
INFO: [ view_filter ] --START--
INFO: Run Behavior\WriteHtmlCacheBehavior [ RunTime:0.000245s ]
INFO: [ view_filter ] --END-- [ RunTime:0.000344s ]
INFO: [ app_end ] --START--
INFO: Run Behavior\ShowPageTraceBehavior [ RunTime:0.000391s ]
INFO: [ app_end ] --END-- [ RunTime:0.000489s ]

[ 2017-12-05T13:48:05+08:00 ] ::1 /heo/index.php/Home/Index/deal.html
INFO: [ app_init ] --START--
INFO: Run Behavior\BuildLiteBehavior [ RunTime:0.000023s ]
INFO: [ app_init ] --END-- [ RunTime:0.000386s ]
INFO: [ app_begin ] --START--
INFO: Run Behavior\ReadHtmlCacheBehavior [ RunTime:0.000415s ]
INFO: [ app_begin ] --END-- [ RunTime:0.000536s ]
NOTIC: [2048] Declaration of Home\Controller\IndexController::show() should be compatible with Think\Controller::show($content, $charset = '', $contentType = '', $prefix = '') E:\wamp\www\heo\Application\Home\Controller\IndexController.class.php 第 300 行.
INFO: [ view_parse ] --START--
INFO: [ template_filter ] --START--
INFO: Run Behavior\ContentReplaceBehavior [ RunTime:0.000055s ]
INFO: [ template_filter ] --END-- [ RunTime:0.000163s ]
INFO: Run Behavior\ParseTemplateBehavior [ RunTime:0.005569s ]
INFO: [ view_parse ] --END-- [ RunTime:0.005695s ]
INFO: [ view_filter ] --START--
INFO: Run Behavior\WriteHtmlCacheBehavior [ RunTime:0.000231s ]
INFO: [ view_filter ] --END-- [ RunTime:0.000381s ]
INFO: [ app_end ] --START--
INFO: Run Behavior\ShowPageTraceBehavior [ RunTime:0.000454s ]
INFO: [ app_end ] --END-- [ RunTime:0.000561s ]

