[ 2017-11-21T11:05:04+08:00 ] ::1 /heo/index.php/Home/Index/user_centre.html
INFO: [ app_init ] --START--
INFO: Run Behavior\BuildLiteBehavior [ RunTime:0.000024s ]
INFO: [ app_init ] --END-- [ RunTime:0.003575s ]
INFO: [ app_begin ] --START--
INFO: Run Behavior\ReadHtmlCacheBehavior [ RunTime:0.004701s ]
INFO: [ app_begin ] --END-- [ RunTime:0.005061s ]
NOTIC: [2048] Declaration of Home\Controller\IndexController::show() should be compatible with Think\Controller::show($content, $charset = '', $contentType = '', $prefix = '') E:\wamp\www\heo\Application\Home\Controller\IndexController.class.php 第 122 行.
INFO: [ view_parse ] --START--
INFO: [ template_filter ] --START--
INFO: Run Behavior\ContentReplaceBehavior [ RunTime:0.001493s ]
INFO: [ template_filter ] --END-- [ RunTime:0.001605s ]
INFO: Run Behavior\ParseTemplateBehavior [ RunTime:0.054661s ]
INFO: [ view_parse ] --END-- [ RunTime:0.054802s ]
INFO: [ view_filter ] --START--
INFO: Run Behavior\WriteHtmlCacheBehavior [ RunTime:0.009271s ]
INFO: [ view_filter ] --END-- [ RunTime:0.009429s ]
INFO: [ app_end ] --START--
INFO: Run Behavior\ShowPageTraceBehavior [ RunTime:0.001269s ]
INFO: [ app_end ] --END-- [ RunTime:0.001400s ]

