[ 2017-11-17T12:59:32+08:00 ] ::1 /heo/index.php/home/index/show
INFO: [ app_init ] --START--
INFO: Run Behavior\BuildLiteBehavior [ RunTime:0.000028s ]
INFO: [ app_init ] --END-- [ RunTime:0.005696s ]
INFO: [ app_begin ] --START--
INFO: Run Behavior\ReadHtmlCacheBehavior [ RunTime:0.005132s ]
INFO: [ app_begin ] --END-- [ RunTime:0.005269s ]

[ 2017-11-17T13:00:26+08:00 ] ::1 /heo/index.php/home/index/show
INFO: [ app_init ] --START--
INFO: Run Behavior\BuildLiteBehavior [ RunTime:0.000022s ]
INFO: [ app_init ] --END-- [ RunTime:0.000340s ]
INFO: [ app_begin ] --START--
INFO: Run Behavior\ReadHtmlCacheBehavior [ RunTime:0.000388s ]
INFO: [ app_begin ] --END-- [ RunTime:0.000500s ]
NOTIC: [2048] Declaration of Home\Controller\IndexController::show() should be compatible with Think\Controller::show($content, $charset = '', $contentType = '', $prefix = '') E:\wamp\www\heo\Application\Home\Controller\IndexController.class.php 第 113 行.
NOTIC: [8] A session had already been started - ignoring session_start() E:\wamp\www\heo\Application\Home\Controller\IndexController.class.php 第 101 行.
NOTIC: [8] Use of undefined constant uname - assumed 'uname' E:\wamp\www\heo\Application\Home\Controller\IndexController.class.php 第 102 行.
NOTIC: [8] Use of undefined constant _SESSION - assumed '_SESSION' E:\wamp\www\heo\Application\Home\Controller\IndexController.class.php 第 102 行.
NOTIC: [2] Illegal string offset 'name' E:\wamp\www\heo\Application\Home\Controller\IndexController.class.php 第 102 行.
NOTIC: [8] Use of undefined constant upwd - assumed 'upwd' E:\wamp\www\heo\Application\Home\Controller\IndexController.class.php 第 103 行.
NOTIC: [8] Use of undefined constant _SESSION - assumed '_SESSION' E:\wamp\www\heo\Application\Home\Controller\IndexController.class.php 第 103 行.
NOTIC: [2] Illegal string offset 'pw' E:\wamp\www\heo\Application\Home\Controller\IndexController.class.php 第 103 行.
NOTIC: [8] Undefined variable: name E:\wamp\www\heo\Application\Home\Controller\IndexController.class.php 第 106 行.
NOTIC: [8] Undefined variable: pw E:\wamp\www\heo\Application\Home\Controller\IndexController.class.php 第 106 行.
ERR: 1054:Unknown column 'pwd' in 'where clause'
 [ SQL语句 ] : select * from think_user where name='' and pwd=''
ERR: 1054:Unknown column 'pwd' in 'where clause'
 [ SQL语句 ] : select * from think_user where name='' and pwd=''

[ 2017-11-17T13:02:27+08:00 ] ::1 /heo/index.php/home/index/show
INFO: [ app_init ] --START--
INFO: Run Behavior\BuildLiteBehavior [ RunTime:0.000028s ]
INFO: [ app_init ] --END-- [ RunTime:0.000512s ]
INFO: [ app_begin ] --START--
INFO: Run Behavior\ReadHtmlCacheBehavior [ RunTime:0.000641s ]
INFO: [ app_begin ] --END-- [ RunTime:0.000770s ]
NOTIC: [2048] Declaration of Home\Controller\IndexController::show() should be compatible with Think\Controller::show($content, $charset = '', $contentType = '', $prefix = '') E:\wamp\www\heo\Application\Home\Controller\IndexController.class.php 第 113 行.
NOTIC: [8] A session had already been started - ignoring session_start() E:\wamp\www\heo\Application\Home\Controller\IndexController.class.php 第 101 行.
NOTIC: [8] Use of undefined constant uname - assumed 'uname' E:\wamp\www\heo\Application\Home\Controller\IndexController.class.php 第 102 行.
NOTIC: [8] Use of undefined constant _SESSION - assumed '_SESSION' E:\wamp\www\heo\Application\Home\Controller\IndexController.class.php 第 102 行.
NOTIC: [2] Illegal string offset 'name' E:\wamp\www\heo\Application\Home\Controller\IndexController.class.php 第 102 行.
SQL: SHOW COLUMNS FROM `think_user` [ RunTime:0.1615s ]
NOTIC: [8] Undefined variable: name E:\wamp\www\heo\Application\Home\Controller\IndexController.class.php 第 106 行.
NOTIC: [8] Undefined variable: tel E:\wamp\www\heo\Application\Home\Controller\IndexController.class.php 第 106 行.
ERR: 1054:Unknown column 'pwd' in 'where clause'
 [ SQL语句 ] : select * from think_user where name='' and pwd=''
ERR: 1054:Unknown column 'pwd' in 'where clause'
 [ SQL语句 ] : select * from think_user where name='' and pwd=''

[ 2017-11-17T13:02:29+08:00 ] ::1 /heo/index.php/home/index/show
INFO: [ app_init ] --START--
INFO: Run Behavior\BuildLiteBehavior [ RunTime:0.000022s ]
INFO: [ app_init ] --END-- [ RunTime:0.000367s ]
INFO: [ app_begin ] --START--
INFO: Run Behavior\ReadHtmlCacheBehavior [ RunTime:0.000363s ]
INFO: [ app_begin ] --END-- [ RunTime:0.000477s ]
NOTIC: [2048] Declaration of Home\Controller\IndexController::show() should be compatible with Think\Controller::show($content, $charset = '', $contentType = '', $prefix = '') E:\wamp\www\heo\Application\Home\Controller\IndexController.class.php 第 113 行.
NOTIC: [8] A session had already been started - ignoring session_start() E:\wamp\www\heo\Application\Home\Controller\IndexController.class.php 第 101 行.
NOTIC: [8] Use of undefined constant uname - assumed 'uname' E:\wamp\www\heo\Application\Home\Controller\IndexController.class.php 第 102 行.
NOTIC: [8] Use of undefined constant _SESSION - assumed '_SESSION' E:\wamp\www\heo\Application\Home\Controller\IndexController.class.php 第 102 行.
NOTIC: [2] Illegal string offset 'name' E:\wamp\www\heo\Application\Home\Controller\IndexController.class.php 第 102 行.
SQL: SHOW COLUMNS FROM `think_user` [ RunTime:0.0025s ]
NOTIC: [8] Undefined variable: name E:\wamp\www\heo\Application\Home\Controller\IndexController.class.php 第 106 行.
NOTIC: [8] Undefined variable: tel E:\wamp\www\heo\Application\Home\Controller\IndexController.class.php 第 106 行.
ERR: 1054:Unknown column 'pwd' in 'where clause'
 [ SQL语句 ] : select * from think_user where name='' and pwd=''
ERR: 1054:Unknown column 'pwd' in 'where clause'
 [ SQL语句 ] : select * from think_user where name='' and pwd=''

[ 2017-11-17T13:02:29+08:00 ] ::1 /heo/index.php/home/index/show
INFO: [ app_init ] --START--
INFO: Run Behavior\BuildLiteBehavior [ RunTime:0.000032s ]
INFO: [ app_init ] --END-- [ RunTime:0.000573s ]
INFO: [ app_begin ] --START--
INFO: Run Behavior\ReadHtmlCacheBehavior [ RunTime:0.000392s ]
INFO: [ app_begin ] --END-- [ RunTime:0.000512s ]
NOTIC: [2048] Declaration of Home\Controller\IndexController::show() should be compatible with Think\Controller::show($content, $charset = '', $contentType = '', $prefix = '') E:\wamp\www\heo\Application\Home\Controller\IndexController.class.php 第 113 行.
NOTIC: [8] A session had already been started - ignoring session_start() E:\wamp\www\heo\Application\Home\Controller\IndexController.class.php 第 101 行.
NOTIC: [8] Use of undefined constant uname - assumed 'uname' E:\wamp\www\heo\Application\Home\Controller\IndexController.class.php 第 102 行.
NOTIC: [8] Use of undefined constant _SESSION - assumed '_SESSION' E:\wamp\www\heo\Application\Home\Controller\IndexController.class.php 第 102 行.
NOTIC: [2] Illegal string offset 'name' E:\wamp\www\heo\Application\Home\Controller\IndexController.class.php 第 102 行.
SQL: SHOW COLUMNS FROM `think_user` [ RunTime:0.0007s ]
NOTIC: [8] Undefined variable: name E:\wamp\www\heo\Application\Home\Controller\IndexController.class.php 第 106 行.
NOTIC: [8] Undefined variable: tel E:\wamp\www\heo\Application\Home\Controller\IndexController.class.php 第 106 行.
ERR: 1054:Unknown column 'pwd' in 'where clause'
 [ SQL语句 ] : select * from think_user where name='' and pwd=''
ERR: 1054:Unknown column 'pwd' in 'where clause'
 [ SQL语句 ] : select * from think_user where name='' and pwd=''

[ 2017-11-17T13:02:30+08:00 ] ::1 /heo/index.php/home/index/show
INFO: [ app_init ] --START--
INFO: Run Behavior\BuildLiteBehavior [ RunTime:0.000021s ]
INFO: [ app_init ] --END-- [ RunTime:0.000419s ]
INFO: [ app_begin ] --START--
INFO: Run Behavior\ReadHtmlCacheBehavior [ RunTime:0.000573s ]
INFO: [ app_begin ] --END-- [ RunTime:0.000778s ]
NOTIC: [2048] Declaration of Home\Controller\IndexController::show() should be compatible with Think\Controller::show($content, $charset = '', $contentType = '', $prefix = '') E:\wamp\www\heo\Application\Home\Controller\IndexController.class.php 第 113 行.
NOTIC: [8] A session had already been started - ignoring session_start() E:\wamp\www\heo\Application\Home\Controller\IndexController.class.php 第 101 行.
NOTIC: [8] Use of undefined constant uname - assumed 'uname' E:\wamp\www\heo\Application\Home\Controller\IndexController.class.php 第 102 行.
NOTIC: [8] Use of undefined constant _SESSION - assumed '_SESSION' E:\wamp\www\heo\Application\Home\Controller\IndexController.class.php 第 102 行.
NOTIC: [2] Illegal string offset 'name' E:\wamp\www\heo\Application\Home\Controller\IndexController.class.php 第 102 行.
SQL: SHOW COLUMNS FROM `think_user` [ RunTime:0.0013s ]
NOTIC: [8] Undefined variable: name E:\wamp\www\heo\Application\Home\Controller\IndexController.class.php 第 106 行.
NOTIC: [8] Undefined variable: tel E:\wamp\www\heo\Application\Home\Controller\IndexController.class.php 第 106 行.
ERR: 1054:Unknown column 'pwd' in 'where clause'
 [ SQL语句 ] : select * from think_user where name='' and pwd=''
ERR: 1054:Unknown column 'pwd' in 'where clause'
 [ SQL语句 ] : select * from think_user where name='' and pwd=''

[ 2017-11-17T13:02:36+08:00 ] ::1 /heo/index.php/home/index/show
INFO: [ app_init ] --START--
INFO: Run Behavior\BuildLiteBehavior [ RunTime:0.000023s ]
INFO: [ app_init ] --END-- [ RunTime:0.000412s ]
INFO: [ app_begin ] --START--
INFO: Run Behavior\ReadHtmlCacheBehavior [ RunTime:0.000498s ]
INFO: [ app_begin ] --END-- [ RunTime:0.000616s ]
NOTIC: [2048] Declaration of Home\Controller\IndexController::show() should be compatible with Think\Controller::show($content, $charset = '', $contentType = '', $prefix = '') E:\wamp\www\heo\Application\Home\Controller\IndexController.class.php 第 113 行.
NOTIC: [8] A session had already been started - ignoring session_start() E:\wamp\www\heo\Application\Home\Controller\IndexController.class.php 第 101 行.
NOTIC: [8] Use of undefined constant uname - assumed 'uname' E:\wamp\www\heo\Application\Home\Controller\IndexController.class.php 第 102 行.
NOTIC: [8] Use of undefined constant _SESSION - assumed '_SESSION' E:\wamp\www\heo\Application\Home\Controller\IndexController.class.php 第 102 行.
NOTIC: [2] Illegal string offset 'name' E:\wamp\www\heo\Application\Home\Controller\IndexController.class.php 第 102 行.
SQL: SHOW COLUMNS FROM `think_user` [ RunTime:0.0012s ]
NOTIC: [8] Undefined variable: name E:\wamp\www\heo\Application\Home\Controller\IndexController.class.php 第 106 行.
NOTIC: [8] Undefined variable: tel E:\wamp\www\heo\Application\Home\Controller\IndexController.class.php 第 106 行.
ERR: 1054:Unknown column 'pwd' in 'where clause'
 [ SQL语句 ] : select * from think_user where name='' and pwd=''
ERR: 1054:Unknown column 'pwd' in 'where clause'
 [ SQL语句 ] : select * from think_user where name='' and pwd=''

[ 2017-11-17T13:03:17+08:00 ] ::1 /heo/index.php/home/index/show
INFO: [ app_init ] --START--
INFO: Run Behavior\BuildLiteBehavior [ RunTime:0.000023s ]
INFO: [ app_init ] --END-- [ RunTime:0.000367s ]
INFO: [ app_begin ] --START--
INFO: Run Behavior\ReadHtmlCacheBehavior [ RunTime:0.000377s ]
INFO: [ app_begin ] --END-- [ RunTime:0.000489s ]
NOTIC: [2048] Declaration of Home\Controller\IndexController::show() should be compatible with Think\Controller::show($content, $charset = '', $contentType = '', $prefix = '') E:\wamp\www\heo\Application\Home\Controller\IndexController.class.php 第 113 行.
NOTIC: [8] A session had already been started - ignoring session_start() E:\wamp\www\heo\Application\Home\Controller\IndexController.class.php 第 101 行.
NOTIC: [8] Use of undefined constant uname - assumed 'uname' E:\wamp\www\heo\Application\Home\Controller\IndexController.class.php 第 102 行.
NOTIC: [8] Use of undefined constant _SESSION - assumed '_SESSION' E:\wamp\www\heo\Application\Home\Controller\IndexController.class.php 第 102 行.
NOTIC: [2] Illegal string offset 'name' E:\wamp\www\heo\Application\Home\Controller\IndexController.class.php 第 102 行.
SQL: SHOW COLUMNS FROM `think_user` [ RunTime:0.0011s ]
NOTIC: [8] Undefined variable: name E:\wamp\www\heo\Application\Home\Controller\IndexController.class.php 第 106 行.
SQL: select * from think_user where name='' and tel [ RunTime:0.0272s ]
INFO: [ view_parse ] --START--
INFO: [ template_filter ] --START--
INFO: Run Behavior\ContentReplaceBehavior [ RunTime:0.001322s ]
INFO: [ template_filter ] --END-- [ RunTime:0.001454s ]
NOTIC: [8] Undefined variable: select E:\wamp\www\heo\Application\Runtime\Cache\Home\ef90aeb0d15d5181851dc046c9941189.php 第 2 行.
INFO: Run Behavior\ParseTemplateBehavior [ RunTime:0.051311s ]
INFO: [ view_parse ] --END-- [ RunTime:0.051427s ]
INFO: [ view_filter ] --START--
INFO: Run Behavior\WriteHtmlCacheBehavior [ RunTime:0.030184s ]
INFO: [ view_filter ] --END-- [ RunTime:0.030316s ]
INFO: [ app_end ] --START--
INFO: Run Behavior\ShowPageTraceBehavior [ RunTime:0.008095s ]
INFO: [ app_end ] --END-- [ RunTime:0.008200s ]

[ 2017-11-17T13:03:20+08:00 ] ::1 /heo/index.php/home/index/show
INFO: [ app_init ] --START--
INFO: Run Behavior\BuildLiteBehavior [ RunTime:0.000036s ]
INFO: [ app_init ] --END-- [ RunTime:0.000795s ]
INFO: [ app_begin ] --START--
INFO: Run Behavior\ReadHtmlCacheBehavior [ RunTime:0.000384s ]
INFO: [ app_begin ] --END-- [ RunTime:0.000522s ]
NOTIC: [2048] Declaration of Home\Controller\IndexController::show() should be compatible with Think\Controller::show($content, $charset = '', $contentType = '', $prefix = '') E:\wamp\www\heo\Application\Home\Controller\IndexController.class.php 第 113 行.
NOTIC: [8] A session had already been started - ignoring session_start() E:\wamp\www\heo\Application\Home\Controller\IndexController.class.php 第 101 行.
NOTIC: [8] Use of undefined constant uname - assumed 'uname' E:\wamp\www\heo\Application\Home\Controller\IndexController.class.php 第 102 行.
NOTIC: [8] Use of undefined constant _SESSION - assumed '_SESSION' E:\wamp\www\heo\Application\Home\Controller\IndexController.class.php 第 102 行.
NOTIC: [2] Illegal string offset 'name' E:\wamp\www\heo\Application\Home\Controller\IndexController.class.php 第 102 行.
SQL: SHOW COLUMNS FROM `think_user` [ RunTime:0.0013s ]
NOTIC: [8] Undefined variable: name E:\wamp\www\heo\Application\Home\Controller\IndexController.class.php 第 106 行.
SQL: select * from think_user where name='' and tel [ RunTime:0.0003s ]
INFO: [ view_parse ] --START--
INFO: [ template_filter ] --START--
INFO: Run Behavior\ContentReplaceBehavior [ RunTime:0.000051s ]
INFO: [ template_filter ] --END-- [ RunTime:0.000161s ]
NOTIC: [8] Undefined variable: select E:\wamp\www\heo\Application\Runtime\Cache\Home\ef90aeb0d15d5181851dc046c9941189.php 第 2 行.
INFO: Run Behavior\ParseTemplateBehavior [ RunTime:0.004511s ]
INFO: [ view_parse ] --END-- [ RunTime:0.004610s ]
INFO: [ view_filter ] --START--
INFO: Run Behavior\WriteHtmlCacheBehavior [ RunTime:0.000229s ]
INFO: [ view_filter ] --END-- [ RunTime:0.000361s ]
INFO: [ app_end ] --START--
INFO: Run Behavior\ShowPageTraceBehavior [ RunTime:0.000369s ]
INFO: [ app_end ] --END-- [ RunTime:0.000462s ]

[ 2017-11-17T13:03:21+08:00 ] ::1 /heo/index.php/home/index/show
INFO: [ app_init ] --START--
INFO: Run Behavior\BuildLiteBehavior [ RunTime:0.000023s ]
INFO: [ app_init ] --END-- [ RunTime:0.000372s ]
INFO: [ app_begin ] --START--
INFO: Run Behavior\ReadHtmlCacheBehavior [ RunTime:0.000438s ]
INFO: [ app_begin ] --END-- [ RunTime:0.000587s ]
NOTIC: [2048] Declaration of Home\Controller\IndexController::show() should be compatible with Think\Controller::show($content, $charset = '', $contentType = '', $prefix = '') E:\wamp\www\heo\Application\Home\Controller\IndexController.class.php 第 113 行.
NOTIC: [8] A session had already been started - ignoring session_start() E:\wamp\www\heo\Application\Home\Controller\IndexController.class.php 第 101 行.
NOTIC: [8] Use of undefined constant uname - assumed 'uname' E:\wamp\www\heo\Application\Home\Controller\IndexController.class.php 第 102 行.
NOTIC: [8] Use of undefined constant _SESSION - assumed '_SESSION' E:\wamp\www\heo\Application\Home\Controller\IndexController.class.php 第 102 行.
NOTIC: [2] Illegal string offset 'name' E:\wamp\www\heo\Application\Home\Controller\IndexController.class.php 第 102 行.
SQL: SHOW COLUMNS FROM `think_user` [ RunTime:0.0076s ]
NOTIC: [8] Undefined variable: name E:\wamp\www\heo\Application\Home\Controller\IndexController.class.php 第 106 行.
SQL: select * from think_user where name='' and tel [ RunTime:0.0003s ]
INFO: [ view_parse ] --START--
INFO: [ template_filter ] --START--
INFO: Run Behavior\ContentReplaceBehavior [ RunTime:0.000050s ]
INFO: [ template_filter ] --END-- [ RunTime:0.000147s ]
NOTIC: [8] Undefined variable: select E:\wamp\www\heo\Application\Runtime\Cache\Home\ef90aeb0d15d5181851dc046c9941189.php 第 2 行.
INFO: Run Behavior\ParseTemplateBehavior [ RunTime:0.004201s ]
INFO: [ view_parse ] --END-- [ RunTime:0.004312s ]
INFO: [ view_filter ] --START--
INFO: Run Behavior\WriteHtmlCacheBehavior [ RunTime:0.000213s ]
INFO: [ view_filter ] --END-- [ RunTime:0.000320s ]
INFO: [ app_end ] --START--
INFO: Run Behavior\ShowPageTraceBehavior [ RunTime:0.000379s ]
INFO: [ app_end ] --END-- [ RunTime:0.000472s ]

[ 2017-11-17T13:03:45+08:00 ] ::1 /heo/index.php/home/index/login
INFO: [ app_init ] --START--
INFO: Run Behavior\BuildLiteBehavior [ RunTime:0.000059s ]
INFO: [ app_init ] --END-- [ RunTime:0.001107s ]
INFO: [ app_begin ] --START--
INFO: Run Behavior\ReadHtmlCacheBehavior [ RunTime:0.000359s ]
INFO: [ app_begin ] --END-- [ RunTime:0.000467s ]
NOTIC: [2048] Declaration of Home\Controller\IndexController::show() should be compatible with Think\Controller::show($content, $charset = '', $contentType = '', $prefix = '') E:\wamp\www\heo\Application\Home\Controller\IndexController.class.php 第 113 行.
INFO: [ view_parse ] --START--
INFO: [ template_filter ] --START--
INFO: Run Behavior\ContentReplaceBehavior [ RunTime:0.000058s ]
INFO: [ template_filter ] --END-- [ RunTime:0.000157s ]
INFO: Run Behavior\ParseTemplateBehavior [ RunTime:0.006361s ]
INFO: [ view_parse ] --END-- [ RunTime:0.006470s ]
INFO: [ view_filter ] --START--
INFO: Run Behavior\WriteHtmlCacheBehavior [ RunTime:0.000380s ]
INFO: [ view_filter ] --END-- [ RunTime:0.000478s ]
INFO: [ app_end ] --START--
INFO: Run Behavior\ShowPageTraceBehavior [ RunTime:0.000529s ]
INFO: [ app_end ] --END-- [ RunTime:0.000628s ]

[ 2017-11-17T13:03:59+08:00 ] ::1 /heo/index.php/Home/Index/login
INFO: [ app_init ] --START--
INFO: Run Behavior\BuildLiteBehavior [ RunTime:0.000036s ]
INFO: [ app_init ] --END-- [ RunTime:0.000432s ]
INFO: [ app_begin ] --START--
INFO: Run Behavior\ReadHtmlCacheBehavior [ RunTime:0.000431s ]
INFO: [ app_begin ] --END-- [ RunTime:0.000560s ]
NOTIC: [2048] Declaration of Home\Controller\IndexController::show() should be compatible with Think\Controller::show($content, $charset = '', $contentType = '', $prefix = '') E:\wamp\www\heo\Application\Home\Controller\IndexController.class.php 第 113 行.
SQL: SHOW COLUMNS FROM `think_user` [ RunTime:0.0021s ]
SQL: SHOW COLUMNS FROM `think_user` [ RunTime:0.0006s ]
SQL: SHOW COLUMNS FROM `think_user` [ RunTime:0.0004s ]
SQL: SELECT * FROM `think_user` WHERE `name` = 'man6' LIMIT 1   [ RunTime:0.0205s ]

[ 2017-11-17T13:03:59+08:00 ] ::1 /heo/index.php/Home/Index/home_page.html
INFO: [ app_init ] --START--
INFO: Run Behavior\BuildLiteBehavior [ RunTime:0.000029s ]
INFO: [ app_init ] --END-- [ RunTime:0.000371s ]
INFO: [ app_begin ] --START--
INFO: Run Behavior\ReadHtmlCacheBehavior [ RunTime:0.000385s ]
INFO: [ app_begin ] --END-- [ RunTime:0.000526s ]
NOTIC: [2048] Declaration of Home\Controller\IndexController::show() should be compatible with Think\Controller::show($content, $charset = '', $contentType = '', $prefix = '') E:\wamp\www\heo\Application\Home\Controller\IndexController.class.php 第 113 行.
INFO: [ view_parse ] --START--
INFO: [ template_filter ] --START--
INFO: Run Behavior\ContentReplaceBehavior [ RunTime:0.000059s ]
INFO: [ template_filter ] --END-- [ RunTime:0.000175s ]
INFO: Run Behavior\ParseTemplateBehavior [ RunTime:0.029059s ]
INFO: [ view_parse ] --END-- [ RunTime:0.029189s ]
INFO: [ view_filter ] --START--
INFO: Run Behavior\WriteHtmlCacheBehavior [ RunTime:0.000281s ]
INFO: [ view_filter ] --END-- [ RunTime:0.000374s ]
INFO: [ app_end ] --START--
INFO: Run Behavior\ShowPageTraceBehavior [ RunTime:0.000412s ]
INFO: [ app_end ] --END-- [ RunTime:0.000539s ]

[ 2017-11-17T13:04:03+08:00 ] ::1 /heo/index.php/Home/Index/user_centre.html
INFO: [ app_init ] --START--
INFO: Run Behavior\BuildLiteBehavior [ RunTime:0.000031s ]
INFO: [ app_init ] --END-- [ RunTime:0.000473s ]
INFO: [ app_begin ] --START--
INFO: Run Behavior\ReadHtmlCacheBehavior [ RunTime:0.000572s ]
INFO: [ app_begin ] --END-- [ RunTime:0.000722s ]
NOTIC: [2048] Declaration of Home\Controller\IndexController::show() should be compatible with Think\Controller::show($content, $charset = '', $contentType = '', $prefix = '') E:\wamp\www\heo\Application\Home\Controller\IndexController.class.php 第 113 行.
INFO: [ view_parse ] --START--
INFO: [ template_filter ] --START--
INFO: Run Behavior\ContentReplaceBehavior [ RunTime:0.000098s ]
INFO: [ template_filter ] --END-- [ RunTime:0.000287s ]
INFO: Run Behavior\ParseTemplateBehavior [ RunTime:0.007107s ]
INFO: [ view_parse ] --END-- [ RunTime:0.007234s ]
INFO: [ view_filter ] --START--
INFO: Run Behavior\WriteHtmlCacheBehavior [ RunTime:0.000241s ]
INFO: [ view_filter ] --END-- [ RunTime:0.000336s ]
INFO: [ app_end ] --START--
INFO: Run Behavior\ShowPageTraceBehavior [ RunTime:0.000400s ]
INFO: [ app_end ] --END-- [ RunTime:0.000506s ]

[ 2017-11-17T13:07:11+08:00 ] ::1 /heo/index.php/home/index/show
INFO: [ app_init ] --START--
INFO: Run Behavior\BuildLiteBehavior [ RunTime:0.000024s ]
INFO: [ app_init ] --END-- [ RunTime:0.000937s ]
INFO: [ app_begin ] --START--
INFO: Run Behavior\ReadHtmlCacheBehavior [ RunTime:0.006656s ]
INFO: [ app_begin ] --END-- [ RunTime:0.006825s ]
NOTIC: [2048] Declaration of Home\Controller\IndexController::show() should be compatible with Think\Controller::show($content, $charset = '', $contentType = '', $prefix = '') E:\wamp\www\heo\Application\Home\Controller\IndexController.class.php 第 113 行.
NOTIC: [8] A session had already been started - ignoring session_start() E:\wamp\www\heo\Application\Home\Controller\IndexController.class.php 第 101 行.
NOTIC: [8] Use of undefined constant uname - assumed 'uname' E:\wamp\www\heo\Application\Home\Controller\IndexController.class.php 第 102 行.
NOTIC: [8] Use of undefined constant _SESSION - assumed '_SESSION' E:\wamp\www\heo\Application\Home\Controller\IndexController.class.php 第 102 行.
NOTIC: [2] Illegal string offset 'name' E:\wamp\www\heo\Application\Home\Controller\IndexController.class.php 第 102 行.
SQL: SHOW COLUMNS FROM `think_user` [ RunTime:0.0021s ]
NOTIC: [8] Undefined variable: name E:\wamp\www\heo\Application\Home\Controller\IndexController.class.php 第 106 行.
SQL: select * from think_user where name='' and tel [ RunTime:0.0003s ]
INFO: [ view_parse ] --START--
INFO: [ template_filter ] --START--
INFO: Run Behavior\ContentReplaceBehavior [ RunTime:0.000054s ]
INFO: [ template_filter ] --END-- [ RunTime:0.000158s ]
NOTIC: [8] Undefined variable: select E:\wamp\www\heo\Application\Runtime\Cache\Home\ef90aeb0d15d5181851dc046c9941189.php 第 2 行.
INFO: Run Behavior\ParseTemplateBehavior [ RunTime:0.006211s ]
INFO: [ view_parse ] --END-- [ RunTime:0.006322s ]
INFO: [ view_filter ] --START--
INFO: Run Behavior\WriteHtmlCacheBehavior [ RunTime:0.000562s ]
INFO: [ view_filter ] --END-- [ RunTime:0.000662s ]
INFO: [ app_end ] --START--
INFO: Run Behavior\ShowPageTraceBehavior [ RunTime:0.000752s ]
INFO: [ app_end ] --END-- [ RunTime:0.000869s ]

[ 2017-11-17T13:07:15+08:00 ] ::1 /heo/index.php/home/index/show
INFO: [ app_init ] --START--
INFO: Run Behavior\BuildLiteBehavior [ RunTime:0.000029s ]
INFO: [ app_init ] --END-- [ RunTime:0.000453s ]
INFO: [ app_begin ] --START--
INFO: Run Behavior\ReadHtmlCacheBehavior [ RunTime:0.000513s ]
INFO: [ app_begin ] --END-- [ RunTime:0.000671s ]
NOTIC: [2048] Declaration of Home\Controller\IndexController::show() should be compatible with Think\Controller::show($content, $charset = '', $contentType = '', $prefix = '') E:\wamp\www\heo\Application\Home\Controller\IndexController.class.php 第 113 行.
NOTIC: [8] A session had already been started - ignoring session_start() E:\wamp\www\heo\Application\Home\Controller\IndexController.class.php 第 101 行.
NOTIC: [8] Use of undefined constant uname - assumed 'uname' E:\wamp\www\heo\Application\Home\Controller\IndexController.class.php 第 102 行.
NOTIC: [8] Use of undefined constant _SESSION - assumed '_SESSION' E:\wamp\www\heo\Application\Home\Controller\IndexController.class.php 第 102 行.
NOTIC: [2] Illegal string offset 'name' E:\wamp\www\heo\Application\Home\Controller\IndexController.class.php 第 102 行.
SQL: SHOW COLUMNS FROM `think_user` [ RunTime:0.0009s ]
NOTIC: [8] Undefined variable: name E:\wamp\www\heo\Application\Home\Controller\IndexController.class.php 第 106 行.
SQL: select * from think_user where name='' and tel [ RunTime:0.0003s ]
INFO: [ view_parse ] --START--
INFO: [ template_filter ] --START--
INFO: Run Behavior\ContentReplaceBehavior [ RunTime:0.000049s ]
INFO: [ template_filter ] --END-- [ RunTime:0.000147s ]
NOTIC: [8] Undefined variable: select E:\wamp\www\heo\Application\Runtime\Cache\Home\ef90aeb0d15d5181851dc046c9941189.php 第 2 行.
INFO: Run Behavior\ParseTemplateBehavior [ RunTime:0.004152s ]
INFO: [ view_parse ] --END-- [ RunTime:0.004261s ]
INFO: [ view_filter ] --START--
INFO: Run Behavior\WriteHtmlCacheBehavior [ RunTime:0.000268s ]
INFO: [ view_filter ] --END-- [ RunTime:0.000446s ]
INFO: [ app_end ] --START--
INFO: Run Behavior\ShowPageTraceBehavior [ RunTime:0.000371s ]
INFO: [ app_end ] --END-- [ RunTime:0.000463s ]

[ 2017-11-17T13:07:16+08:00 ] ::1 /heo/index.php/home/index/show
INFO: [ app_init ] --START--
INFO: Run Behavior\BuildLiteBehavior [ RunTime:0.000045s ]
INFO: [ app_init ] --END-- [ RunTime:0.000403s ]
INFO: [ app_begin ] --START--
INFO: Run Behavior\ReadHtmlCacheBehavior [ RunTime:0.000667s ]
INFO: [ app_begin ] --END-- [ RunTime:0.000860s ]
NOTIC: [2048] Declaration of Home\Controller\IndexController::show() should be compatible with Think\Controller::show($content, $charset = '', $contentType = '', $prefix = '') E:\wamp\www\heo\Application\Home\Controller\IndexController.class.php 第 113 行.
NOTIC: [8] A session had already been started - ignoring session_start() E:\wamp\www\heo\Application\Home\Controller\IndexController.class.php 第 101 行.
NOTIC: [8] Use of undefined constant uname - assumed 'uname' E:\wamp\www\heo\Application\Home\Controller\IndexController.class.php 第 102 行.
NOTIC: [8] Use of undefined constant _SESSION - assumed '_SESSION' E:\wamp\www\heo\Application\Home\Controller\IndexController.class.php 第 102 行.
NOTIC: [2] Illegal string offset 'name' E:\wamp\www\heo\Application\Home\Controller\IndexController.class.php 第 102 行.
SQL: SHOW COLUMNS FROM `think_user` [ RunTime:0.0009s ]
NOTIC: [8] Undefined variable: name E:\wamp\www\heo\Application\Home\Controller\IndexController.class.php 第 106 行.
SQL: select * from think_user where name='' and tel [ RunTime:0.0003s ]
INFO: [ view_parse ] --START--
INFO: [ template_filter ] --START--
INFO: Run Behavior\ContentReplaceBehavior [ RunTime:0.000050s ]
INFO: [ template_filter ] --END-- [ RunTime:0.000149s ]
NOTIC: [8] Undefined variable: select E:\wamp\www\heo\Application\Runtime\Cache\Home\ef90aeb0d15d5181851dc046c9941189.php 第 2 行.
INFO: Run Behavior\ParseTemplateBehavior [ RunTime:0.004452s ]
INFO: [ view_parse ] --END-- [ RunTime:0.004561s ]
INFO: [ view_filter ] --START--
INFO: Run Behavior\WriteHtmlCacheBehavior [ RunTime:0.000248s ]
INFO: [ view_filter ] --END-- [ RunTime:0.000373s ]
INFO: [ app_end ] --START--
INFO: Run Behavior\ShowPageTraceBehavior [ RunTime:0.000384s ]
INFO: [ app_end ] --END-- [ RunTime:0.000507s ]

[ 2017-11-17T13:07:17+08:00 ] ::1 /heo/index.php/home/index/show
INFO: [ app_init ] --START--
INFO: Run Behavior\BuildLiteBehavior [ RunTime:0.000040s ]
INFO: [ app_init ] --END-- [ RunTime:0.000555s ]
INFO: [ app_begin ] --START--
INFO: Run Behavior\ReadHtmlCacheBehavior [ RunTime:0.000442s ]
INFO: [ app_begin ] --END-- [ RunTime:0.000585s ]
NOTIC: [2048] Declaration of Home\Controller\IndexController::show() should be compatible with Think\Controller::show($content, $charset = '', $contentType = '', $prefix = '') E:\wamp\www\heo\Application\Home\Controller\IndexController.class.php 第 113 行.
NOTIC: [8] A session had already been started - ignoring session_start() E:\wamp\www\heo\Application\Home\Controller\IndexController.class.php 第 101 行.
NOTIC: [8] Use of undefined constant uname - assumed 'uname' E:\wamp\www\heo\Application\Home\Controller\IndexController.class.php 第 102 行.
NOTIC: [8] Use of undefined constant _SESSION - assumed '_SESSION' E:\wamp\www\heo\Application\Home\Controller\IndexController.class.php 第 102 行.
NOTIC: [2] Illegal string offset 'name' E:\wamp\www\heo\Application\Home\Controller\IndexController.class.php 第 102 行.
SQL: SHOW COLUMNS FROM `think_user` [ RunTime:0.0010s ]
NOTIC: [8] Undefined variable: name E:\wamp\www\heo\Application\Home\Controller\IndexController.class.php 第 106 行.
SQL: select * from think_user where name='' and tel [ RunTime:0.0004s ]
INFO: [ view_parse ] --START--
INFO: [ template_filter ] --START--
INFO: Run Behavior\ContentReplaceBehavior [ RunTime:0.000051s ]
INFO: [ template_filter ] --END-- [ RunTime:0.000149s ]
NOTIC: [8] Undefined variable: select E:\wamp\www\heo\Application\Runtime\Cache\Home\ef90aeb0d15d5181851dc046c9941189.php 第 2 行.
INFO: Run Behavior\ParseTemplateBehavior [ RunTime:0.004506s ]
INFO: [ view_parse ] --END-- [ RunTime:0.004653s ]
INFO: [ view_filter ] --START--
INFO: Run Behavior\WriteHtmlCacheBehavior [ RunTime:0.000239s ]
INFO: [ view_filter ] --END-- [ RunTime:0.000331s ]
INFO: [ app_end ] --START--
INFO: Run Behavior\ShowPageTraceBehavior [ RunTime:0.000400s ]
INFO: [ app_end ] --END-- [ RunTime:0.000492s ]

[ 2017-11-17T13:07:17+08:00 ] ::1 /heo/index.php/home/index/show
INFO: [ app_init ] --START--
INFO: Run Behavior\BuildLiteBehavior [ RunTime:0.000029s ]
INFO: [ app_init ] --END-- [ RunTime:0.000442s ]
INFO: [ app_begin ] --START--
INFO: Run Behavior\ReadHtmlCacheBehavior [ RunTime:0.000445s ]
INFO: [ app_begin ] --END-- [ RunTime:0.000574s ]
NOTIC: [2048] Declaration of Home\Controller\IndexController::show() should be compatible with Think\Controller::show($content, $charset = '', $contentType = '', $prefix = '') E:\wamp\www\heo\Application\Home\Controller\IndexController.class.php 第 113 行.
NOTIC: [8] A session had already been started - ignoring session_start() E:\wamp\www\heo\Application\Home\Controller\IndexController.class.php 第 101 行.
NOTIC: [8] Use of undefined constant uname - assumed 'uname' E:\wamp\www\heo\Application\Home\Controller\IndexController.class.php 第 102 行.
NOTIC: [8] Use of undefined constant _SESSION - assumed '_SESSION' E:\wamp\www\heo\Application\Home\Controller\IndexController.class.php 第 102 行.
NOTIC: [2] Illegal string offset 'name' E:\wamp\www\heo\Application\Home\Controller\IndexController.class.php 第 102 行.
SQL: SHOW COLUMNS FROM `think_user` [ RunTime:0.0020s ]
NOTIC: [8] Undefined variable: name E:\wamp\www\heo\Application\Home\Controller\IndexController.class.php 第 106 行.
SQL: select * from think_user where name='' and tel [ RunTime:0.0004s ]
INFO: [ view_parse ] --START--
INFO: [ template_filter ] --START--
INFO: Run Behavior\ContentReplaceBehavior [ RunTime:0.000077s ]
INFO: [ template_filter ] --END-- [ RunTime:0.000204s ]
NOTIC: [8] Undefined variable: select E:\wamp\www\heo\Application\Runtime\Cache\Home\ef90aeb0d15d5181851dc046c9941189.php 第 2 行.
INFO: Run Behavior\ParseTemplateBehavior [ RunTime:0.005315s ]
INFO: [ view_parse ] --END-- [ RunTime:0.005424s ]
INFO: [ view_filter ] --START--
INFO: Run Behavior\WriteHtmlCacheBehavior [ RunTime:0.000235s ]
INFO: [ view_filter ] --END-- [ RunTime:0.000330s ]
INFO: [ app_end ] --START--
INFO: Run Behavior\ShowPageTraceBehavior [ RunTime:0.000478s ]
INFO: [ app_end ] --END-- [ RunTime:0.000586s ]

[ 2017-11-17T13:07:18+08:00 ] ::1 /heo/index.php/home/index/show
INFO: [ app_init ] --START--
INFO: Run Behavior\BuildLiteBehavior [ RunTime:0.000026s ]
INFO: [ app_init ] --END-- [ RunTime:0.000414s ]
INFO: [ app_begin ] --START--
INFO: Run Behavior\ReadHtmlCacheBehavior [ RunTime:0.000941s ]
INFO: [ app_begin ] --END-- [ RunTime:0.001102s ]
NOTIC: [2048] Declaration of Home\Controller\IndexController::show() should be compatible with Think\Controller::show($content, $charset = '', $contentType = '', $prefix = '') E:\wamp\www\heo\Application\Home\Controller\IndexController.class.php 第 113 行.
NOTIC: [8] A session had already been started - ignoring session_start() E:\wamp\www\heo\Application\Home\Controller\IndexController.class.php 第 101 行.
NOTIC: [8] Use of undefined constant uname - assumed 'uname' E:\wamp\www\heo\Application\Home\Controller\IndexController.class.php 第 102 行.
NOTIC: [8] Use of undefined constant _SESSION - assumed '_SESSION' E:\wamp\www\heo\Application\Home\Controller\IndexController.class.php 第 102 行.
NOTIC: [2] Illegal string offset 'name' E:\wamp\www\heo\Application\Home\Controller\IndexController.class.php 第 102 行.
SQL: SHOW COLUMNS FROM `think_user` [ RunTime:0.0008s ]
NOTIC: [8] Undefined variable: name E:\wamp\www\heo\Application\Home\Controller\IndexController.class.php 第 106 行.
SQL: select * from think_user where name='' and tel [ RunTime:0.0010s ]
INFO: [ view_parse ] --START--
INFO: [ template_filter ] --START--
INFO: Run Behavior\ContentReplaceBehavior [ RunTime:0.000138s ]
INFO: [ template_filter ] --END-- [ RunTime:0.000412s ]
NOTIC: [8] Undefined variable: select E:\wamp\www\heo\Application\Runtime\Cache\Home\ef90aeb0d15d5181851dc046c9941189.php 第 2 行.
INFO: Run Behavior\ParseTemplateBehavior [ RunTime:0.008195s ]
INFO: [ view_parse ] --END-- [ RunTime:0.008315s ]
INFO: [ view_filter ] --START--
INFO: Run Behavior\WriteHtmlCacheBehavior [ RunTime:0.000241s ]
INFO: [ view_filter ] --END-- [ RunTime:0.000336s ]
INFO: [ app_end ] --START--
INFO: Run Behavior\ShowPageTraceBehavior [ RunTime:0.000460s ]
INFO: [ app_end ] --END-- [ RunTime:0.000570s ]

[ 2017-11-17T13:07:18+08:00 ] ::1 /heo/index.php/home/index/show
INFO: [ app_init ] --START--
INFO: Run Behavior\BuildLiteBehavior [ RunTime:0.000023s ]
INFO: [ app_init ] --END-- [ RunTime:0.000372s ]
INFO: [ app_begin ] --START--
INFO: Run Behavior\ReadHtmlCacheBehavior [ RunTime:0.000405s ]
INFO: [ app_begin ] --END-- [ RunTime:0.000536s ]
NOTIC: [2048] Declaration of Home\Controller\IndexController::show() should be compatible with Think\Controller::show($content, $charset = '', $contentType = '', $prefix = '') E:\wamp\www\heo\Application\Home\Controller\IndexController.class.php 第 113 行.
NOTIC: [8] A session had already been started - ignoring session_start() E:\wamp\www\heo\Application\Home\Controller\IndexController.class.php 第 101 行.
NOTIC: [8] Use of undefined constant uname - assumed 'uname' E:\wamp\www\heo\Application\Home\Controller\IndexController.class.php 第 102 行.
NOTIC: [8] Use of undefined constant _SESSION - assumed '_SESSION' E:\wamp\www\heo\Application\Home\Controller\IndexController.class.php 第 102 行.
NOTIC: [2] Illegal string offset 'name' E:\wamp\www\heo\Application\Home\Controller\IndexController.class.php 第 102 行.
SQL: SHOW COLUMNS FROM `think_user` [ RunTime:0.0005s ]
NOTIC: [8] Undefined variable: name E:\wamp\www\heo\Application\Home\Controller\IndexController.class.php 第 106 行.
SQL: select * from think_user where name='' and tel [ RunTime:0.0002s ]
INFO: [ view_parse ] --START--
INFO: [ template_filter ] --START--
INFO: Run Behavior\ContentReplaceBehavior [ RunTime:0.000153s ]
INFO: [ template_filter ] --END-- [ RunTime:0.000377s ]
NOTIC: [8] Undefined variable: select E:\wamp\www\heo\Application\Runtime\Cache\Home\ef90aeb0d15d5181851dc046c9941189.php 第 2 行.
INFO: Run Behavior\ParseTemplateBehavior [ RunTime:0.007523s ]
INFO: [ view_parse ] --END-- [ RunTime:0.007622s ]
INFO: [ view_filter ] --START--
INFO: Run Behavior\WriteHtmlCacheBehavior [ RunTime:0.000232s ]
INFO: [ view_filter ] --END-- [ RunTime:0.000328s ]
INFO: [ app_end ] --START--
INFO: Run Behavior\ShowPageTraceBehavior [ RunTime:0.000744s ]
INFO: [ app_end ] --END-- [ RunTime:0.000884s ]

[ 2017-11-17T13:07:19+08:00 ] ::1 /heo/index.php/home/index/show
INFO: [ app_init ] --START--
INFO: Run Behavior\BuildLiteBehavior [ RunTime:0.000097s ]
INFO: [ app_init ] --END-- [ RunTime:0.000919s ]
INFO: [ app_begin ] --START--
INFO: Run Behavior\ReadHtmlCacheBehavior [ RunTime:0.000402s ]
INFO: [ app_begin ] --END-- [ RunTime:0.000523s ]
NOTIC: [2048] Declaration of Home\Controller\IndexController::show() should be compatible with Think\Controller::show($content, $charset = '', $contentType = '', $prefix = '') E:\wamp\www\heo\Application\Home\Controller\IndexController.class.php 第 113 行.
NOTIC: [8] A session had already been started - ignoring session_start() E:\wamp\www\heo\Application\Home\Controller\IndexController.class.php 第 101 行.
NOTIC: [8] Use of undefined constant uname - assumed 'uname' E:\wamp\www\heo\Application\Home\Controller\IndexController.class.php 第 102 行.
NOTIC: [8] Use of undefined constant _SESSION - assumed '_SESSION' E:\wamp\www\heo\Application\Home\Controller\IndexController.class.php 第 102 行.
NOTIC: [2] Illegal string offset 'name' E:\wamp\www\heo\Application\Home\Controller\IndexController.class.php 第 102 行.
SQL: SHOW COLUMNS FROM `think_user` [ RunTime:0.0006s ]
NOTIC: [8] Undefined variable: name E:\wamp\www\heo\Application\Home\Controller\IndexController.class.php 第 106 行.
SQL: select * from think_user where name='' and tel [ RunTime:0.0003s ]
INFO: [ view_parse ] --START--
INFO: [ template_filter ] --START--
INFO: Run Behavior\ContentReplaceBehavior [ RunTime:0.000121s ]
INFO: [ template_filter ] --END-- [ RunTime:0.000362s ]
NOTIC: [8] Undefined variable: select E:\wamp\www\heo\Application\Runtime\Cache\Home\ef90aeb0d15d5181851dc046c9941189.php 第 2 行.
INFO: Run Behavior\ParseTemplateBehavior [ RunTime:0.008390s ]
INFO: [ view_parse ] --END-- [ RunTime:0.008507s ]
INFO: [ view_filter ] --START--
INFO: Run Behavior\WriteHtmlCacheBehavior [ RunTime:0.000232s ]
INFO: [ view_filter ] --END-- [ RunTime:0.000327s ]
INFO: [ app_end ] --START--
INFO: Run Behavior\ShowPageTraceBehavior [ RunTime:0.000396s ]
INFO: [ app_end ] --END-- [ RunTime:0.000493s ]

[ 2017-11-17T19:09:23+08:00 ] ::1 /heo/index.php/home/index/login
INFO: [ app_init ] --START--
INFO: Run Behavior\BuildLiteBehavior [ RunTime:0.000047s ]
INFO: [ app_init ] --END-- [ RunTime:0.001883s ]
INFO: [ app_begin ] --START--
INFO: Run Behavior\ReadHtmlCacheBehavior [ RunTime:0.010415s ]
INFO: [ app_begin ] --END-- [ RunTime:0.010713s ]
NOTIC: [2048] Declaration of Home\Controller\IndexController::show() should be compatible with Think\Controller::show($content, $charset = '', $contentType = '', $prefix = '') E:\wamp\www\heo\Application\Home\Controller\IndexController.class.php 第 114 行.
INFO: [ view_parse ] --START--
INFO: [ template_filter ] --START--
INFO: Run Behavior\ContentReplaceBehavior [ RunTime:0.000968s ]
INFO: [ template_filter ] --END-- [ RunTime:0.001087s ]
INFO: Run Behavior\ParseTemplateBehavior [ RunTime:0.026234s ]
INFO: [ view_parse ] --END-- [ RunTime:0.026362s ]
INFO: [ view_filter ] --START--
INFO: Run Behavior\WriteHtmlCacheBehavior [ RunTime:0.001469s ]
INFO: [ view_filter ] --END-- [ RunTime:0.001642s ]
INFO: [ app_end ] --START--
INFO: Run Behavior\ShowPageTraceBehavior [ RunTime:0.001377s ]
INFO: [ app_end ] --END-- [ RunTime:0.001562s ]

[ 2017-11-17T19:09:37+08:00 ] ::1 /heo/index.php/Home/Index/login
INFO: [ app_init ] --START--
INFO: Run Behavior\BuildLiteBehavior [ RunTime:0.000019s ]
INFO: [ app_init ] --END-- [ RunTime:0.000340s ]
INFO: [ app_begin ] --START--
INFO: Run Behavior\ReadHtmlCacheBehavior [ RunTime:0.001326s ]
INFO: [ app_begin ] --END-- [ RunTime:0.001557s ]
NOTIC: [2048] Declaration of Home\Controller\IndexController::show() should be compatible with Think\Controller::show($content, $charset = '', $contentType = '', $prefix = '') E:\wamp\www\heo\Application\Home\Controller\IndexController.class.php 第 114 行.
SQL: SHOW COLUMNS FROM `think_user` [ RunTime:0.0529s ]
SQL: SHOW COLUMNS FROM `think_user` [ RunTime:0.0007s ]
SQL: SHOW COLUMNS FROM `think_user` [ RunTime:0.0005s ]
SQL: SELECT * FROM `think_user` WHERE `name` = 'man6' LIMIT 1   [ RunTime:0.0146s ]

[ 2017-11-17T19:09:37+08:00 ] ::1 /heo/index.php/Home/Index/home_page.html
INFO: [ app_init ] --START--
INFO: Run Behavior\BuildLiteBehavior [ RunTime:0.000025s ]
INFO: [ app_init ] --END-- [ RunTime:0.000404s ]
INFO: [ app_begin ] --START--
INFO: Run Behavior\ReadHtmlCacheBehavior [ RunTime:0.000426s ]
INFO: [ app_begin ] --END-- [ RunTime:0.000555s ]
NOTIC: [2048] Declaration of Home\Controller\IndexController::show() should be compatible with Think\Controller::show($content, $charset = '', $contentType = '', $prefix = '') E:\wamp\www\heo\Application\Home\Controller\IndexController.class.php 第 114 行.
INFO: [ view_parse ] --START--
INFO: [ template_filter ] --START--
INFO: Run Behavior\ContentReplaceBehavior [ RunTime:0.000075s ]
INFO: [ template_filter ] --END-- [ RunTime:0.000212s ]
INFO: Run Behavior\ParseTemplateBehavior [ RunTime:0.006630s ]
INFO: [ view_parse ] --END-- [ RunTime:0.006764s ]
INFO: [ view_filter ] --START--
INFO: Run Behavior\WriteHtmlCacheBehavior [ RunTime:0.000258s ]
INFO: [ view_filter ] --END-- [ RunTime:0.000370s ]
INFO: [ app_end ] --START--
INFO: Run Behavior\ShowPageTraceBehavior [ RunTime:0.000471s ]
INFO: [ app_end ] --END-- [ RunTime:0.000592s ]

[ 2017-11-17T19:10:07+08:00 ] ::1 /heo/index.php/Home/Index/user_centre.html
INFO: [ app_init ] --START--
INFO: Run Behavior\BuildLiteBehavior [ RunTime:0.000054s ]
INFO: [ app_init ] --END-- [ RunTime:0.000803s ]
INFO: [ app_begin ] --START--
INFO: Run Behavior\ReadHtmlCacheBehavior [ RunTime:0.000402s ]
INFO: [ app_begin ] --END-- [ RunTime:0.000539s ]
NOTIC: [2048] Declaration of Home\Controller\IndexController::show() should be compatible with Think\Controller::show($content, $charset = '', $contentType = '', $prefix = '') E:\wamp\www\heo\Application\Home\Controller\IndexController.class.php 第 114 行.
INFO: [ view_parse ] --START--
INFO: [ template_filter ] --START--
INFO: Run Behavior\ContentReplaceBehavior [ RunTime:0.000065s ]
INFO: [ template_filter ] --END-- [ RunTime:0.000174s ]
INFO: Run Behavior\ParseTemplateBehavior [ RunTime:0.005404s ]
INFO: [ view_parse ] --END-- [ RunTime:0.005515s ]
INFO: [ view_filter ] --START--
INFO: Run Behavior\WriteHtmlCacheBehavior [ RunTime:0.000235s ]
INFO: [ view_filter ] --END-- [ RunTime:0.000341s ]
INFO: [ app_end ] --START--
INFO: Run Behavior\ShowPageTraceBehavior [ RunTime:0.000454s ]
INFO: [ app_end ] --END-- [ RunTime:0.000563s ]

[ 2017-11-17T19:26:16+08:00 ] ::1 /heo/index.php/Home/Index/user_centre.html
INFO: [ app_init ] --START--
INFO: Run Behavior\BuildLiteBehavior [ RunTime:0.000025s ]
INFO: [ app_init ] --END-- [ RunTime:0.000880s ]
INFO: [ app_begin ] --START--
INFO: Run Behavior\ReadHtmlCacheBehavior [ RunTime:0.006113s ]
INFO: [ app_begin ] --END-- [ RunTime:0.006266s ]

[ 2017-11-17T19:26:21+08:00 ] ::1 /heo/index.php/Home/Index/user_centre.html
INFO: [ app_init ] --START--
INFO: Run Behavior\BuildLiteBehavior [ RunTime:0.000025s ]
INFO: [ app_init ] --END-- [ RunTime:0.000367s ]
INFO: [ app_begin ] --START--
INFO: Run Behavior\ReadHtmlCacheBehavior [ RunTime:0.000354s ]
INFO: [ app_begin ] --END-- [ RunTime:0.000462s ]

[ 2017-11-17T19:27:06+08:00 ] ::1 /heo/index.php/Home/Index/user_centre.html
INFO: [ app_init ] --START--
INFO: Run Behavior\BuildLiteBehavior [ RunTime:0.000020s ]
INFO: [ app_init ] --END-- [ RunTime:0.000375s ]
INFO: [ app_begin ] --START--
INFO: Run Behavior\ReadHtmlCacheBehavior [ RunTime:0.000348s ]
INFO: [ app_begin ] --END-- [ RunTime:0.000455s ]

[ 2017-11-17T19:27:08+08:00 ] ::1 /heo/index.php/Home/Index/user_centre.html
INFO: [ app_init ] --START--
INFO: Run Behavior\BuildLiteBehavior [ RunTime:0.000025s ]
INFO: [ app_init ] --END-- [ RunTime:0.000413s ]
INFO: [ app_begin ] --START--
INFO: Run Behavior\ReadHtmlCacheBehavior [ RunTime:0.000373s ]
INFO: [ app_begin ] --END-- [ RunTime:0.000487s ]

[ 2017-11-17T19:27:08+08:00 ] ::1 /heo/index.php/Home/Index/user_centre.html
INFO: [ app_init ] --START--
INFO: Run Behavior\BuildLiteBehavior [ RunTime:0.000020s ]
INFO: [ app_init ] --END-- [ RunTime:0.000324s ]
INFO: [ app_begin ] --START--
INFO: Run Behavior\ReadHtmlCacheBehavior [ RunTime:0.000345s ]
INFO: [ app_begin ] --END-- [ RunTime:0.000452s ]

[ 2017-11-17T19:27:09+08:00 ] ::1 /heo/index.php/Home/Index/user_centre.html
INFO: [ app_init ] --START--
INFO: Run Behavior\BuildLiteBehavior [ RunTime:0.000020s ]
INFO: [ app_init ] --END-- [ RunTime:0.000328s ]
INFO: [ app_begin ] --START--
INFO: Run Behavior\ReadHtmlCacheBehavior [ RunTime:0.000345s ]
INFO: [ app_begin ] --END-- [ RunTime:0.000449s ]

[ 2017-11-17T19:27:10+08:00 ] ::1 /heo/index.php/Home/Index/user_centre.html
INFO: [ app_init ] --START--
INFO: Run Behavior\BuildLiteBehavior [ RunTime:0.000036s ]
INFO: [ app_init ] --END-- [ RunTime:0.000404s ]
INFO: [ app_begin ] --START--
INFO: Run Behavior\ReadHtmlCacheBehavior [ RunTime:0.000770s ]
INFO: [ app_begin ] --END-- [ RunTime:0.000946s ]

[ 2017-11-17T19:27:24+08:00 ] ::1 /heo/index.php/Home/Index/user_centre.html
INFO: [ app_init ] --START--
INFO: Run Behavior\BuildLiteBehavior [ RunTime:0.000037s ]
INFO: [ app_init ] --END-- [ RunTime:0.000507s ]
INFO: [ app_begin ] --START--
INFO: Run Behavior\ReadHtmlCacheBehavior [ RunTime:0.000440s ]
INFO: [ app_begin ] --END-- [ RunTime:0.000546s ]
NOTIC: [2048] Declaration of Home\Controller\IndexController::show() should be compatible with Think\Controller::show($content, $charset = '', $contentType = '', $prefix = '') E:\wamp\www\heo\Application\Home\Controller\IndexController.class.php 第 122 行.
INFO: [ view_parse ] --START--
INFO: [ template_filter ] --START--
INFO: Run Behavior\ContentReplaceBehavior [ RunTime:0.000096s ]
INFO: [ template_filter ] --END-- [ RunTime:0.000199s ]
INFO: Run Behavior\ParseTemplateBehavior [ RunTime:0.037160s ]
INFO: [ view_parse ] --END-- [ RunTime:0.037277s ]
INFO: [ view_filter ] --START--
INFO: Run Behavior\WriteHtmlCacheBehavior [ RunTime:0.006349s ]
INFO: [ view_filter ] --END-- [ RunTime:0.006487s ]
INFO: [ app_end ] --START--
INFO: Run Behavior\ShowPageTraceBehavior [ RunTime:0.002432s ]
INFO: [ app_end ] --END-- [ RunTime:0.002542s ]

[ 2017-11-17T19:38:28+08:00 ] ::1 /heo/index.php/Home/Index/login
INFO: [ app_init ] --START--
INFO: Run Behavior\BuildLiteBehavior [ RunTime:0.000021s ]
INFO: [ app_init ] --END-- [ RunTime:0.000743s ]
INFO: [ app_begin ] --START--
INFO: Run Behavior\ReadHtmlCacheBehavior [ RunTime:0.000600s ]
INFO: [ app_begin ] --END-- [ RunTime:0.000722s ]

[ 2017-11-17T19:39:14+08:00 ] ::1 /heo/index.php/Home/Index/login
INFO: [ app_init ] --START--
INFO: Run Behavior\BuildLiteBehavior [ RunTime:0.000023s ]
INFO: [ app_init ] --END-- [ RunTime:0.000348s ]
INFO: [ app_begin ] --START--
INFO: Run Behavior\ReadHtmlCacheBehavior [ RunTime:0.000472s ]
INFO: [ app_begin ] --END-- [ RunTime:0.000649s ]

[ 2017-11-17T19:39:16+08:00 ] ::1 /heo/index.php/Home/Index/login
INFO: [ app_init ] --START--
INFO: Run Behavior\BuildLiteBehavior [ RunTime:0.000020s ]
INFO: [ app_init ] --END-- [ RunTime:0.000330s ]
INFO: [ app_begin ] --START--
INFO: Run Behavior\ReadHtmlCacheBehavior [ RunTime:0.000562s ]
INFO: [ app_begin ] --END-- [ RunTime:0.000725s ]

[ 2017-11-17T19:39:16+08:00 ] ::1 /heo/index.php/Home/Index/login
INFO: [ app_init ] --START--
INFO: Run Behavior\BuildLiteBehavior [ RunTime:0.000025s ]
INFO: [ app_init ] --END-- [ RunTime:0.000404s ]
INFO: [ app_begin ] --START--
INFO: Run Behavior\ReadHtmlCacheBehavior [ RunTime:0.000419s ]
INFO: [ app_begin ] --END-- [ RunTime:0.000549s ]

[ 2017-11-17T19:39:17+08:00 ] ::1 /heo/index.php/Home/Index/login
INFO: [ app_init ] --START--
INFO: Run Behavior\BuildLiteBehavior [ RunTime:0.000024s ]
INFO: [ app_init ] --END-- [ RunTime:0.000408s ]
INFO: [ app_begin ] --START--
INFO: Run Behavior\ReadHtmlCacheBehavior [ RunTime:0.000476s ]
INFO: [ app_begin ] --END-- [ RunTime:0.000661s ]

[ 2017-11-17T19:39:17+08:00 ] ::1 /heo/index.php/Home/Index/login
INFO: [ app_init ] --START--
INFO: Run Behavior\BuildLiteBehavior [ RunTime:0.000026s ]
INFO: [ app_init ] --END-- [ RunTime:0.000479s ]
INFO: [ app_begin ] --START--
INFO: Run Behavior\ReadHtmlCacheBehavior [ RunTime:0.000416s ]
INFO: [ app_begin ] --END-- [ RunTime:0.000533s ]

[ 2017-11-17T19:39:19+08:00 ] ::1 /heo/index.php/Home/Index/login
INFO: [ app_init ] --START--
INFO: Run Behavior\BuildLiteBehavior [ RunTime:0.000031s ]
INFO: [ app_init ] --END-- [ RunTime:0.000533s ]
INFO: [ app_begin ] --START--
INFO: Run Behavior\ReadHtmlCacheBehavior [ RunTime:0.000438s ]
INFO: [ app_begin ] --END-- [ RunTime:0.000568s ]

[ 2017-11-17T19:39:20+08:00 ] ::1 /heo/index.php/Home/Index/login
INFO: [ app_init ] --START--
INFO: Run Behavior\BuildLiteBehavior [ RunTime:0.000022s ]
INFO: [ app_init ] --END-- [ RunTime:0.000507s ]
INFO: [ app_begin ] --START--
INFO: Run Behavior\ReadHtmlCacheBehavior [ RunTime:0.000395s ]
INFO: [ app_begin ] --END-- [ RunTime:0.000509s ]

[ 2017-11-17T19:40:17+08:00 ] ::1 /heo/index.php/Home/Index/login
INFO: [ app_init ] --START--
INFO: Run Behavior\BuildLiteBehavior [ RunTime:0.000023s ]
INFO: [ app_init ] --END-- [ RunTime:0.000390s ]
INFO: [ app_begin ] --START--
INFO: Run Behavior\ReadHtmlCacheBehavior [ RunTime:0.000407s ]
INFO: [ app_begin ] --END-- [ RunTime:0.000518s ]

[ 2017-11-17T19:40:18+08:00 ] ::1 /heo/index.php/Home/Index/login
INFO: [ app_init ] --START--
INFO: Run Behavior\BuildLiteBehavior [ RunTime:0.000021s ]
INFO: [ app_init ] --END-- [ RunTime:0.000331s ]
INFO: [ app_begin ] --START--
INFO: Run Behavior\ReadHtmlCacheBehavior [ RunTime:0.000345s ]
INFO: [ app_begin ] --END-- [ RunTime:0.000449s ]

[ 2017-11-17T19:40:18+08:00 ] ::1 /heo/index.php/Home/Index/login
INFO: [ app_init ] --START--
INFO: Run Behavior\BuildLiteBehavior [ RunTime:0.000021s ]
INFO: [ app_init ] --END-- [ RunTime:0.000335s ]
INFO: [ app_begin ] --START--
INFO: Run Behavior\ReadHtmlCacheBehavior [ RunTime:0.000346s ]
INFO: [ app_begin ] --END-- [ RunTime:0.000452s ]

[ 2017-11-17T19:40:19+08:00 ] ::1 /heo/index.php/Home/Index/login
INFO: [ app_init ] --START--
INFO: Run Behavior\BuildLiteBehavior [ RunTime:0.000021s ]
INFO: [ app_init ] --END-- [ RunTime:0.000477s ]
INFO: [ app_begin ] --START--
INFO: Run Behavior\ReadHtmlCacheBehavior [ RunTime:0.000352s ]
INFO: [ app_begin ] --END-- [ RunTime:0.000459s ]

[ 2017-11-17T19:40:19+08:00 ] ::1 /heo/index.php/Home/Index/login
INFO: [ app_init ] --START--
INFO: Run Behavior\BuildLiteBehavior [ RunTime:0.000025s ]
INFO: [ app_init ] --END-- [ RunTime:0.000401s ]
INFO: [ app_begin ] --START--
INFO: Run Behavior\ReadHtmlCacheBehavior [ RunTime:0.000441s ]
INFO: [ app_begin ] --END-- [ RunTime:0.000568s ]

[ 2017-11-17T19:40:19+08:00 ] ::1 /heo/index.php/Home/Index/login
INFO: [ app_init ] --START--
INFO: Run Behavior\BuildLiteBehavior [ RunTime:0.000037s ]
INFO: [ app_init ] --END-- [ RunTime:0.000536s ]
INFO: [ app_begin ] --START--
INFO: Run Behavior\ReadHtmlCacheBehavior [ RunTime:0.000630s ]
INFO: [ app_begin ] --END-- [ RunTime:0.000778s ]

[ 2017-11-17T19:40:20+08:00 ] ::1 /heo/index.php/Home/Index/login
INFO: [ app_init ] --START--
INFO: Run Behavior\BuildLiteBehavior [ RunTime:0.000037s ]
INFO: [ app_init ] --END-- [ RunTime:0.000363s ]
INFO: [ app_begin ] --START--
INFO: Run Behavior\ReadHtmlCacheBehavior [ RunTime:0.000345s ]
INFO: [ app_begin ] --END-- [ RunTime:0.000449s ]

[ 2017-11-17T19:40:20+08:00 ] ::1 /heo/index.php/Home/Index/login
INFO: [ app_init ] --START--
INFO: Run Behavior\BuildLiteBehavior [ RunTime:0.000020s ]
INFO: [ app_init ] --END-- [ RunTime:0.000330s ]
INFO: [ app_begin ] --START--
INFO: Run Behavior\ReadHtmlCacheBehavior [ RunTime:0.000377s ]
INFO: [ app_begin ] --END-- [ RunTime:0.000481s ]

[ 2017-11-17T19:40:42+08:00 ] ::1 /heo/index.php/Home/Index/login
INFO: [ app_init ] --START--
INFO: Run Behavior\BuildLiteBehavior [ RunTime:0.000021s ]
INFO: [ app_init ] --END-- [ RunTime:0.000499s ]
INFO: [ app_begin ] --START--
INFO: Run Behavior\ReadHtmlCacheBehavior [ RunTime:0.000750s ]
INFO: [ app_begin ] --END-- [ RunTime:0.000889s ]

[ 2017-11-17T19:41:06+08:00 ] ::1 /heo/index.php/Home/Index/login
INFO: [ app_init ] --START--
INFO: Run Behavior\BuildLiteBehavior [ RunTime:0.000027s ]
INFO: [ app_init ] --END-- [ RunTime:0.000436s ]
INFO: [ app_begin ] --START--
INFO: Run Behavior\ReadHtmlCacheBehavior [ RunTime:0.000416s ]
INFO: [ app_begin ] --END-- [ RunTime:0.000631s ]
NOTIC: [2048] Declaration of Home\Controller\IndexController::show() should be compatible with Think\Controller::show($content, $charset = '', $contentType = '', $prefix = '') E:\wamp\www\heo\Application\Home\Controller\IndexController.class.php 第 122 行.
INFO: [ view_parse ] --START--
INFO: [ template_filter ] --START--
INFO: Run Behavior\ContentReplaceBehavior [ RunTime:0.000062s ]
INFO: [ template_filter ] --END-- [ RunTime:0.000170s ]
INFO: Run Behavior\ParseTemplateBehavior [ RunTime:0.018141s ]
INFO: [ view_parse ] --END-- [ RunTime:0.018262s ]
INFO: [ view_filter ] --START--
INFO: Run Behavior\WriteHtmlCacheBehavior [ RunTime:0.000773s ]
INFO: [ view_filter ] --END-- [ RunTime:0.000926s ]
INFO: [ app_end ] --START--
INFO: Run Behavior\ShowPageTraceBehavior [ RunTime:0.000467s ]
INFO: [ app_end ] --END-- [ RunTime:0.000568s ]

[ 2017-11-17T19:41:16+08:00 ] ::1 /heo/index.php/Home/Index/login
INFO: [ app_init ] --START--
INFO: Run Behavior\BuildLiteBehavior [ RunTime:0.000022s ]
INFO: [ app_init ] --END-- [ RunTime:0.000422s ]
INFO: [ app_begin ] --START--
INFO: Run Behavior\ReadHtmlCacheBehavior [ RunTime:0.000488s ]
INFO: [ app_begin ] --END-- [ RunTime:0.000604s ]
NOTIC: [2048] Declaration of Home\Controller\IndexController::show() should be compatible with Think\Controller::show($content, $charset = '', $contentType = '', $prefix = '') E:\wamp\www\heo\Application\Home\Controller\IndexController.class.php 第 122 行.
INFO: [ view_parse ] --START--
INFO: [ template_filter ] --START--
INFO: Run Behavior\ContentReplaceBehavior [ RunTime:0.000144s ]
INFO: [ template_filter ] --END-- [ RunTime:0.000326s ]
INFO: Run Behavior\ParseTemplateBehavior [ RunTime:0.008061s ]
INFO: [ view_parse ] --END-- [ RunTime:0.008202s ]
INFO: [ view_filter ] --START--
INFO: Run Behavior\WriteHtmlCacheBehavior [ RunTime:0.000429s ]
INFO: [ view_filter ] --END-- [ RunTime:0.000555s ]
INFO: [ app_end ] --START--
INFO: Run Behavior\ShowPageTraceBehavior [ RunTime:0.000474s ]
INFO: [ app_end ] --END-- [ RunTime:0.000638s ]

[ 2017-11-17T19:41:30+08:00 ] ::1 /heo/index.php/Home/Index/login
INFO: [ app_init ] --START--
INFO: Run Behavior\BuildLiteBehavior [ RunTime:0.000022s ]
INFO: [ app_init ] --END-- [ RunTime:0.000346s ]
INFO: [ app_begin ] --START--
INFO: Run Behavior\ReadHtmlCacheBehavior [ RunTime:0.000501s ]
INFO: [ app_begin ] --END-- [ RunTime:0.000659s ]

[ 2017-11-17T19:41:46+08:00 ] ::1 /heo/index.php/Home/Index/login
INFO: [ app_init ] --START--
INFO: Run Behavior\BuildLiteBehavior [ RunTime:0.000034s ]
INFO: [ app_init ] --END-- [ RunTime:0.000590s ]
INFO: [ app_begin ] --START--
INFO: Run Behavior\ReadHtmlCacheBehavior [ RunTime:0.000596s ]
INFO: [ app_begin ] --END-- [ RunTime:0.000780s ]
NOTIC: [2048] Declaration of Home\Controller\IndexController::show() should be compatible with Think\Controller::show($content, $charset = '', $contentType = '', $prefix = '') E:\wamp\www\heo\Application\Home\Controller\IndexController.class.php 第 122 行.
INFO: [ view_parse ] --START--
INFO: [ template_filter ] --START--
INFO: Run Behavior\ContentReplaceBehavior [ RunTime:0.000077s ]
INFO: [ template_filter ] --END-- [ RunTime:0.000199s ]
INFO: Run Behavior\ParseTemplateBehavior [ RunTime:0.004634s ]
INFO: [ view_parse ] --END-- [ RunTime:0.004752s ]
INFO: [ view_filter ] --START--
INFO: Run Behavior\WriteHtmlCacheBehavior [ RunTime:0.000253s ]
INFO: [ view_filter ] --END-- [ RunTime:0.000348s ]
INFO: [ app_end ] --START--
INFO: Run Behavior\ShowPageTraceBehavior [ RunTime:0.000400s ]
INFO: [ app_end ] --END-- [ RunTime:0.000502s ]

