[ 2017-11-19T11:19:28+08:00 ] ::1 /heo/index.php/home/index/show
INFO: [ app_init ] --START--
INFO: Run Behavior\BuildLiteBehavior [ RunTime:0.000032s ]
INFO: [ app_init ] --END-- [ RunTime:0.002360s ]
INFO: [ app_begin ] --START--
INFO: Run Behavior\ReadHtmlCacheBehavior [ RunTime:0.016919s ]
INFO: [ app_begin ] --END-- [ RunTime:0.017071s ]
NOTIC: [2048] Declaration of Home\Controller\IndexController::show() should be compatible with Think\Controller::show($content, $charset = '', $contentType = '', $prefix = '') E:\wamp\www\heo\Application\Home\Controller\IndexController.class.php 第 122 行.
NOTIC: [8] A session had already been started - ignoring session_start() E:\wamp\www\heo\Application\Home\Controller\IndexController.class.php 第 102 行.
SQL: SHOW COLUMNS FROM `think_user` [ RunTime:0.0659s ]
NOTIC: [8] Undefined variable: name E:\wamp\www\heo\Application\Home\Controller\IndexController.class.php 第 107 行.
SQL: select * from think_user where name='' and tel [ RunTime:0.0129s ]
INFO: [ view_parse ] --START--
INFO: [ template_filter ] --START--
INFO: Run Behavior\ContentReplaceBehavior [ RunTime:0.001752s ]
INFO: [ template_filter ] --END-- [ RunTime:0.001905s ]
NOTIC: [8] Undefined variable: select E:\wamp\www\heo\Application\Runtime\Cache\Home\ef90aeb0d15d5181851dc046c9941189.php 第 2 行.
INFO: Run Behavior\ParseTemplateBehavior [ RunTime:0.035123s ]
INFO: [ view_parse ] --END-- [ RunTime:0.035256s ]
INFO: [ view_filter ] --START--
INFO: Run Behavior\WriteHtmlCacheBehavior [ RunTime:0.000850s ]
INFO: [ view_filter ] --END-- [ RunTime:0.000965s ]
INFO: [ app_end ] --START--
INFO: Run Behavior\ShowPageTraceBehavior [ RunTime:0.000894s ]
INFO: [ app_end ] --END-- [ RunTime:0.001030s ]

